2023-12-19T21:42:20.250+03:00  INFO 6876 --- [main] de.telran.SpringJpaApplication           : Starting SpringJpaApplication using Java 17.0.2 with PID 6876 (C:\Users\akhmetzianovaki\IdeaProjects\21-040423-e-be\cw-39\target\classes started by KhakovaKI in C:\Users\akhmetzianovaki\IdeaProjects\21-040423-e-be\cw-39)
2023-12-19T21:42:20.261+03:00 DEBUG 6876 --- [main] de.telran.SpringJpaApplication           : Running with Spring Boot v3.1.6, Spring v6.0.14
2023-12-19T21:42:20.267+03:00  INFO 6876 --- [main] de.telran.SpringJpaApplication           : No active profile set, falling back to 1 default profile: "default"
2023-12-19T21:42:22.250+03:00  INFO 6876 --- [main] .s.d.r.c.RepositoryConfigurationDelegate : Bootstrapping Spring Data JPA repositories in DEFAULT mode.
2023-12-19T21:42:22.412+03:00  INFO 6876 --- [main] .s.d.r.c.RepositoryConfigurationDelegate : Finished Spring Data repository scanning in 139 ms. Found 3 JPA repository interfaces.
2023-12-19T21:42:24.477+03:00  INFO 6876 --- [main] o.s.b.w.embedded.tomcat.TomcatWebServer  : Tomcat initialized with port(s): 8080 (http)
2023-12-19T21:42:24.504+03:00  INFO 6876 --- [main] o.apache.catalina.core.StandardService   : Starting service [Tomcat]
2023-12-19T21:42:24.506+03:00  INFO 6876 --- [main] o.apache.catalina.core.StandardEngine    : Starting Servlet engine: [Apache Tomcat/10.1.16]
2023-12-19T21:42:24.843+03:00  INFO 6876 --- [main] o.a.c.c.C.[Tomcat].[localhost].[/]       : Initializing Spring embedded WebApplicationContext
2023-12-19T21:42:24.844+03:00  INFO 6876 --- [main] w.s.c.ServletWebServerApplicationContext : Root WebApplicationContext: initialization completed in 4414 ms
2023-12-19T21:42:25.108+03:00 DEBUG 6876 --- [main] de.telran.security.JwtFilter             : Filter 'jwtFilter' configured for use
2023-12-19T21:42:25.452+03:00  INFO 6876 --- [main] o.hibernate.jpa.internal.util.LogHelper  : HHH000204: Processing PersistenceUnitInfo [name: default]
2023-12-19T21:42:25.638+03:00  INFO 6876 --- [main] org.hibernate.Version                    : HHH000412: Hibernate ORM core version 6.2.13.Final
2023-12-19T21:42:25.643+03:00  INFO 6876 --- [main] org.hibernate.cfg.Environment            : HHH000406: Using bytecode reflection optimizer
2023-12-19T21:42:26.369+03:00  INFO 6876 --- [main] o.s.o.j.p.SpringPersistenceUnitInfo      : No LoadTimeWeaver setup: ignoring JPA class transformer
2023-12-19T21:42:26.452+03:00  INFO 6876 --- [main] com.zaxxer.hikari.HikariDataSource       : HikariPool-1 - Starting...
2023-12-19T21:42:26.462+03:00  WARN 6876 --- [main] c.zaxxer.hikari.util.DriverDataSource    : Registered driver with driverClassName=com.mysql.jdbc.Driver was not found, trying direct instantiation.
2023-12-19T21:42:27.273+03:00  INFO 6876 --- [main] com.zaxxer.hikari.pool.HikariPool        : HikariPool-1 - Added connection com.mysql.cj.jdbc.ConnectionImpl@7bce9ce4
2023-12-19T21:42:27.276+03:00  INFO 6876 --- [main] com.zaxxer.hikari.HikariDataSource       : HikariPool-1 - Start completed.
2023-12-19T21:42:27.401+03:00  WARN 6876 --- [main] org.hibernate.orm.deprecation            : HHH90000025: MySQL8Dialect does not need to be specified explicitly using 'hibernate.dialect' (remove the property setting and it will be selected by default)
2023-12-19T21:42:27.404+03:00  WARN 6876 --- [main] org.hibernate.orm.deprecation            : HHH90000026: MySQL8Dialect has been deprecated; use org.hibernate.dialect.MySQLDialect instead
2023-12-19T21:42:29.832+03:00  INFO 6876 --- [main] o.h.e.t.j.p.i.JtaPlatformInitiator       : HHH000489: No JTA platform available (set 'hibernate.transaction.jta.platform' to enable JTA platform integration)
2023-12-19T21:42:30.006+03:00  INFO 6876 --- [main] j.LocalContainerEntityManagerFactoryBean : Initialized JPA EntityManagerFactory for persistence unit 'default'
2023-12-19T21:42:31.458+03:00  WARN 6876 --- [main] JpaBaseConfiguration$JpaWebConfiguration : spring.jpa.open-in-view is enabled by default. Therefore, database queries may be performed during view rendering. Explicitly configure spring.jpa.open-in-view to disable this warning
2023-12-19T21:42:32.238+03:00  INFO 6876 --- [main] o.s.s.web.DefaultSecurityFilterChain     : Will secure any request with [org.springframework.security.web.session.DisableEncodeUrlFilter@535adf36, org.springframework.security.web.context.request.async.WebAsyncManagerIntegrationFilter@4ea4290f, org.springframework.security.web.context.SecurityContextHolderFilter@27d4513e, org.springframework.security.web.header.HeaderWriterFilter@7ca2319f, org.springframework.security.web.authentication.logout.LogoutFilter@36618b3b, de.telran.security.JwtFilter@27fe059d, org.springframework.security.web.savedrequest.RequestCacheAwareFilter@834b0f7, org.springframework.security.web.servletapi.SecurityContextHolderAwareRequestFilter@60c33609, org.springframework.security.web.authentication.AnonymousAuthenticationFilter@25cef4b3, org.springframework.security.web.session.SessionManagementFilter@435a4d2d, org.springframework.security.web.access.ExceptionTranslationFilter@5e445ffe, org.springframework.security.web.access.intercept.AuthorizationFilter@2e68bd3d]
2023-12-19T21:42:32.970+03:00  INFO 6876 --- [main] o.s.b.w.embedded.tomcat.TomcatWebServer  : Tomcat started on port(s): 8080 (http) with context path ''
2023-12-19T21:42:32.989+03:00  INFO 6876 --- [main] de.telran.SpringJpaApplication           : Started SpringJpaApplication in 13.893 seconds (process running for 14.958)
2023-12-19T21:42:40.790+03:00  INFO 6876 --- [http-nio-8080-exec-1] o.a.c.c.C.[Tomcat].[localhost].[/]       : Initializing Spring DispatcherServlet 'dispatcherServlet'
2023-12-19T21:42:40.791+03:00  INFO 6876 --- [http-nio-8080-exec-1] o.s.web.servlet.DispatcherServlet        : Initializing Servlet 'dispatcherServlet'
2023-12-19T21:42:40.794+03:00  INFO 6876 --- [http-nio-8080-exec-1] o.s.web.servlet.DispatcherServlet        : Completed initialization in 2 ms
2023-12-19T21:42:40.828+03:00  WARN 6876 --- [http-nio-8080-exec-1] o.s.w.s.h.HandlerMappingIntrospector     : Cache miss for REQUEST dispatch to '/users' (previous null). Performing MatchableHandlerMapping lookup. This is logged once only at WARN level, and every time at TRACE.
2023-12-19T21:42:59.159+03:00  INFO 6876 --- [http-nio-8080-exec-1] o.springdoc.api.AbstractOpenApiResource  : Init duration for springdoc-openapi is: 879 ms
2023-12-19T21:51:53.223+03:00  INFO 6876 --- [SpringApplicationShutdownHook] j.LocalContainerEntityManagerFactoryBean : Closing JPA EntityManagerFactory for persistence unit 'default'
2023-12-19T21:51:53.227+03:00  INFO 6876 --- [SpringApplicationShutdownHook] com.zaxxer.hikari.HikariDataSource       : HikariPool-1 - Shutdown initiated...
2023-12-19T21:51:53.254+03:00  INFO 6876 --- [SpringApplicationShutdownHook] com.zaxxer.hikari.HikariDataSource       : HikariPool-1 - Shutdown completed.
2023-12-19T21:52:02.527+03:00  INFO 8316 --- [main] de.telran.SpringJpaApplication           : Starting SpringJpaApplication using Java 17.0.2 with PID 8316 (C:\Users\akhmetzianovaki\IdeaProjects\21-040423-e-be\cw-39\target\classes started by KhakovaKI in C:\Users\akhmetzianovaki\IdeaProjects\21-040423-e-be\cw-39)
2023-12-19T21:52:02.531+03:00 DEBUG 8316 --- [main] de.telran.SpringJpaApplication           : Running with Spring Boot v3.1.6, Spring v6.0.14
2023-12-19T21:52:02.533+03:00  INFO 8316 --- [main] de.telran.SpringJpaApplication           : No active profile set, falling back to 1 default profile: "default"
2023-12-19T21:52:04.755+03:00  INFO 8316 --- [main] .s.d.r.c.RepositoryConfigurationDelegate : Bootstrapping Spring Data JPA repositories in DEFAULT mode.
2023-12-19T21:52:04.910+03:00  INFO 8316 --- [main] .s.d.r.c.RepositoryConfigurationDelegate : Finished Spring Data repository scanning in 139 ms. Found 3 JPA repository interfaces.
2023-12-19T21:52:06.714+03:00  INFO 8316 --- [main] o.s.b.w.embedded.tomcat.TomcatWebServer  : Tomcat initialized with port(s): 8080 (http)
2023-12-19T21:52:06.730+03:00  INFO 8316 --- [main] o.apache.catalina.core.StandardService   : Starting service [Tomcat]
2023-12-19T21:52:06.730+03:00  INFO 8316 --- [main] o.apache.catalina.core.StandardEngine    : Starting Servlet engine: [Apache Tomcat/10.1.16]
2023-12-19T21:52:06.998+03:00  INFO 8316 --- [main] o.a.c.c.C.[Tomcat].[localhost].[/]       : Initializing Spring embedded WebApplicationContext
2023-12-19T21:52:06.999+03:00  INFO 8316 --- [main] w.s.c.ServletWebServerApplicationContext : Root WebApplicationContext: initialization completed in 4368 ms
2023-12-19T21:52:07.235+03:00 DEBUG 8316 --- [main] de.telran.security.JwtFilter             : Filter 'jwtFilter' configured for use
2023-12-19T21:52:07.522+03:00  INFO 8316 --- [main] o.hibernate.jpa.internal.util.LogHelper  : HHH000204: Processing PersistenceUnitInfo [name: default]
2023-12-19T21:52:07.678+03:00  INFO 8316 --- [main] org.hibernate.Version                    : HHH000412: Hibernate ORM core version 6.2.13.Final
2023-12-19T21:52:07.685+03:00  INFO 8316 --- [main] org.hibernate.cfg.Environment            : HHH000406: Using bytecode reflection optimizer
2023-12-19T21:52:08.377+03:00  INFO 8316 --- [main] o.s.o.j.p.SpringPersistenceUnitInfo      : No LoadTimeWeaver setup: ignoring JPA class transformer
2023-12-19T21:52:08.459+03:00  INFO 8316 --- [main] com.zaxxer.hikari.HikariDataSource       : HikariPool-1 - Starting...
2023-12-19T21:52:08.472+03:00  WARN 8316 --- [main] c.zaxxer.hikari.util.DriverDataSource    : Registered driver with driverClassName=com.mysql.jdbc.Driver was not found, trying direct instantiation.
2023-12-19T21:52:09.168+03:00  INFO 8316 --- [main] com.zaxxer.hikari.pool.HikariPool        : HikariPool-1 - Added connection com.mysql.cj.jdbc.ConnectionImpl@553fbe94
2023-12-19T21:52:09.173+03:00  INFO 8316 --- [main] com.zaxxer.hikari.HikariDataSource       : HikariPool-1 - Start completed.
2023-12-19T21:52:09.248+03:00  WARN 8316 --- [main] org.hibernate.orm.deprecation            : HHH90000025: MySQL8Dialect does not need to be specified explicitly using 'hibernate.dialect' (remove the property setting and it will be selected by default)
2023-12-19T21:52:09.249+03:00  WARN 8316 --- [main] org.hibernate.orm.deprecation            : HHH90000026: MySQL8Dialect has been deprecated; use org.hibernate.dialect.MySQLDialect instead
2023-12-19T21:52:11.338+03:00  INFO 8316 --- [main] o.h.e.t.j.p.i.JtaPlatformInitiator       : HHH000489: No JTA platform available (set 'hibernate.transaction.jta.platform' to enable JTA platform integration)
2023-12-19T21:52:11.514+03:00  INFO 8316 --- [main] j.LocalContainerEntityManagerFactoryBean : Initialized JPA EntityManagerFactory for persistence unit 'default'
2023-12-19T21:52:12.969+03:00  WARN 8316 --- [main] JpaBaseConfiguration$JpaWebConfiguration : spring.jpa.open-in-view is enabled by default. Therefore, database queries may be performed during view rendering. Explicitly configure spring.jpa.open-in-view to disable this warning
2023-12-19T21:52:13.738+03:00  INFO 8316 --- [main] o.s.s.web.DefaultSecurityFilterChain     : Will secure any request with [org.springframework.security.web.session.DisableEncodeUrlFilter@6b23897a, org.springframework.security.web.context.request.async.WebAsyncManagerIntegrationFilter@40dd2cfe, org.springframework.security.web.context.SecurityContextHolderFilter@7fda84cf, org.springframework.security.web.header.HeaderWriterFilter@56728f48, org.springframework.security.web.authentication.logout.LogoutFilter@22ea09b7, de.telran.security.JwtFilter@33d60b7e, org.springframework.security.web.savedrequest.RequestCacheAwareFilter@19240b9, org.springframework.security.web.servletapi.SecurityContextHolderAwareRequestFilter@5d1907fb, org.springframework.security.web.authentication.AnonymousAuthenticationFilter@21cb5648, org.springframework.security.web.session.SessionManagementFilter@6e140753, org.springframework.security.web.access.ExceptionTranslationFilter@4117e0c9, org.springframework.security.web.access.intercept.AuthorizationFilter@335a45a8]
2023-12-19T21:52:14.521+03:00  INFO 8316 --- [main] o.s.b.w.embedded.tomcat.TomcatWebServer  : Tomcat started on port(s): 8080 (http) with context path ''
2023-12-19T21:52:14.543+03:00  INFO 8316 --- [main] de.telran.SpringJpaApplication           : Started SpringJpaApplication in 13.099 seconds (process running for 15.333)
2023-12-19T21:52:28.114+03:00  INFO 8316 --- [http-nio-8080-exec-1] o.a.c.c.C.[Tomcat].[localhost].[/]       : Initializing Spring DispatcherServlet 'dispatcherServlet'
2023-12-19T21:52:28.115+03:00  INFO 8316 --- [http-nio-8080-exec-1] o.s.web.servlet.DispatcherServlet        : Initializing Servlet 'dispatcherServlet'
2023-12-19T21:52:28.117+03:00  INFO 8316 --- [http-nio-8080-exec-1] o.s.web.servlet.DispatcherServlet        : Completed initialization in 1 ms
2023-12-19T21:53:15.917+03:00  WARN 8316 --- [HikariPool-1 housekeeper] com.zaxxer.hikari.pool.HikariPool        : HikariPool-1 - Thread starvation or clock leap detected (housekeeper delta=1m6s635ms22µs700ns).
2023-12-19T21:58:33.901+03:00  WARN 8316 --- [http-nio-8080-exec-1] o.s.w.s.h.HandlerMappingIntrospector     : Cache miss for REQUEST dispatch to '/swagger-ui/index.html' (previous null). Performing MatchableHandlerMapping lookup. This is logged once only at WARN level, and every time at TRACE.
2023-12-19T21:58:34.096+03:00  INFO 8316 --- [SpringApplicationShutdownHook] j.LocalContainerEntityManagerFactoryBean : Closing JPA EntityManagerFactory for persistence unit 'default'
2023-12-19T21:58:34.107+03:00  INFO 8316 --- [SpringApplicationShutdownHook] com.zaxxer.hikari.HikariDataSource       : HikariPool-1 - Shutdown initiated...
2023-12-19T21:58:34.139+03:00  INFO 8316 --- [SpringApplicationShutdownHook] com.zaxxer.hikari.HikariDataSource       : HikariPool-1 - Shutdown completed.
2023-12-19T22:07:00.666+03:00  INFO 13348 --- [main] de.telran.SpringJpaApplication           : Starting SpringJpaApplication using Java 17.0.2 with PID 13348 (C:\Users\akhmetzianovaki\IdeaProjects\21-040423-e-be\cw-39\target\classes started by KhakovaKI in C:\Users\akhmetzianovaki\IdeaProjects\21-040423-e-be\cw-39)
2023-12-19T22:07:00.674+03:00 DEBUG 13348 --- [main] de.telran.SpringJpaApplication           : Running with Spring Boot v3.1.6, Spring v6.0.14
2023-12-19T22:07:00.678+03:00  INFO 13348 --- [main] de.telran.SpringJpaApplication           : No active profile set, falling back to 1 default profile: "default"
2023-12-19T22:07:03.969+03:00  INFO 13348 --- [main] .s.d.r.c.RepositoryConfigurationDelegate : Bootstrapping Spring Data JPA repositories in DEFAULT mode.
2023-12-19T22:07:04.121+03:00  INFO 13348 --- [main] .s.d.r.c.RepositoryConfigurationDelegate : Finished Spring Data repository scanning in 135 ms. Found 3 JPA repository interfaces.
2023-12-19T22:07:06.038+03:00  INFO 13348 --- [main] o.s.b.w.embedded.tomcat.TomcatWebServer  : Tomcat initialized with port(s): 8080 (http)
2023-12-19T22:07:06.058+03:00  INFO 13348 --- [main] o.apache.catalina.core.StandardService   : Starting service [Tomcat]
2023-12-19T22:07:06.059+03:00  INFO 13348 --- [main] o.apache.catalina.core.StandardEngine    : Starting Servlet engine: [Apache Tomcat/10.1.16]
2023-12-19T22:07:06.304+03:00  INFO 13348 --- [main] o.a.c.c.C.[Tomcat].[localhost].[/]       : Initializing Spring embedded WebApplicationContext
2023-12-19T22:07:06.306+03:00  INFO 13348 --- [main] w.s.c.ServletWebServerApplicationContext : Root WebApplicationContext: initialization completed in 5052 ms
2023-12-19T22:07:06.438+03:00 DEBUG 13348 --- [main] de.telran.security.JwtFilter             : Filter 'jwtFilter' configured for use
2023-12-19T22:07:06.714+03:00  INFO 13348 --- [main] o.hibernate.jpa.internal.util.LogHelper  : HHH000204: Processing PersistenceUnitInfo [name: default]
2023-12-19T22:07:06.872+03:00  INFO 13348 --- [main] org.hibernate.Version                    : HHH000412: Hibernate ORM core version 6.2.13.Final
2023-12-19T22:07:06.878+03:00  INFO 13348 --- [main] org.hibernate.cfg.Environment            : HHH000406: Using bytecode reflection optimizer
2023-12-19T22:07:07.704+03:00  INFO 13348 --- [main] o.s.o.j.p.SpringPersistenceUnitInfo      : No LoadTimeWeaver setup: ignoring JPA class transformer
2023-12-19T22:07:07.784+03:00  INFO 13348 --- [main] com.zaxxer.hikari.HikariDataSource       : HikariPool-1 - Starting...
2023-12-19T22:07:07.801+03:00  WARN 13348 --- [main] c.zaxxer.hikari.util.DriverDataSource    : Registered driver with driverClassName=com.mysql.jdbc.Driver was not found, trying direct instantiation.
2023-12-19T22:07:08.547+03:00  INFO 13348 --- [main] com.zaxxer.hikari.pool.HikariPool        : HikariPool-1 - Added connection com.mysql.cj.jdbc.ConnectionImpl@37806be6
2023-12-19T22:07:08.551+03:00  INFO 13348 --- [main] com.zaxxer.hikari.HikariDataSource       : HikariPool-1 - Start completed.
2023-12-19T22:07:08.694+03:00  WARN 13348 --- [main] org.hibernate.orm.deprecation            : HHH90000025: MySQL8Dialect does not need to be specified explicitly using 'hibernate.dialect' (remove the property setting and it will be selected by default)
2023-12-19T22:07:08.699+03:00  WARN 13348 --- [main] org.hibernate.orm.deprecation            : HHH90000026: MySQL8Dialect has been deprecated; use org.hibernate.dialect.MySQLDialect instead
2023-12-19T22:07:10.581+03:00  INFO 13348 --- [main] o.h.e.t.j.p.i.JtaPlatformInitiator       : HHH000489: No JTA platform available (set 'hibernate.transaction.jta.platform' to enable JTA platform integration)
2023-12-19T22:07:10.722+03:00  INFO 13348 --- [main] j.LocalContainerEntityManagerFactoryBean : Initialized JPA EntityManagerFactory for persistence unit 'default'
2023-12-19T22:07:11.965+03:00  WARN 13348 --- [main] JpaBaseConfiguration$JpaWebConfiguration : spring.jpa.open-in-view is enabled by default. Therefore, database queries may be performed during view rendering. Explicitly configure spring.jpa.open-in-view to disable this warning
2023-12-19T22:07:12.795+03:00  INFO 13348 --- [main] o.s.s.web.DefaultSecurityFilterChain     : Will secure any request with [org.springframework.security.web.session.DisableEncodeUrlFilter@4f466207, org.springframework.security.web.context.request.async.WebAsyncManagerIntegrationFilter@121b7a95, org.springframework.security.web.context.SecurityContextHolderFilter@70a8654, org.springframework.security.web.header.HeaderWriterFilter@27f8f1cc, org.springframework.security.web.authentication.logout.LogoutFilter@14927cd4, org.springframework.security.web.authentication.UsernamePasswordAuthenticationFilter@1eaf4e77, org.springframework.security.web.authentication.ui.DefaultLoginPageGeneratingFilter@f9919a2, org.springframework.security.web.authentication.ui.DefaultLogoutPageGeneratingFilter@7aa62a90, org.springframework.security.web.savedrequest.RequestCacheAwareFilter@7d5176d6, org.springframework.security.web.servletapi.SecurityContextHolderAwareRequestFilter@103a1ad3, org.springframework.security.web.authentication.AnonymousAuthenticationFilter@23ee31b8, org.springframework.security.web.access.ExceptionTranslationFilter@2d21d12b, org.springframework.security.web.access.intercept.AuthorizationFilter@4a5eb613]
2023-12-19T22:07:13.593+03:00  INFO 13348 --- [main] o.s.b.w.embedded.tomcat.TomcatWebServer  : Tomcat started on port(s): 8080 (http) with context path ''
2023-12-19T22:07:13.612+03:00  INFO 13348 --- [main] de.telran.SpringJpaApplication           : Started SpringJpaApplication in 14.347 seconds (process running for 15.693)
2023-12-19T22:07:18.105+03:00  INFO 13348 --- [http-nio-8080-exec-1] o.a.c.c.C.[Tomcat].[localhost].[/]       : Initializing Spring DispatcherServlet 'dispatcherServlet'
2023-12-19T22:07:18.106+03:00  INFO 13348 --- [http-nio-8080-exec-1] o.s.web.servlet.DispatcherServlet        : Initializing Servlet 'dispatcherServlet'
2023-12-19T22:07:18.110+03:00  INFO 13348 --- [http-nio-8080-exec-1] o.s.web.servlet.DispatcherServlet        : Completed initialization in 4 ms
2023-12-19T22:07:18.144+03:00  WARN 13348 --- [http-nio-8080-exec-1] o.s.w.s.h.HandlerMappingIntrospector     : Cache miss for REQUEST dispatch to '/users' (previous null). Performing MatchableHandlerMapping lookup. This is logged once only at WARN level, and every time at TRACE.
2023-12-19T22:11:13.349+03:00  INFO 13348 --- [http-nio-8080-exec-10] o.springdoc.api.AbstractOpenApiResource  : Init duration for springdoc-openapi is: 869 ms
2023-12-19T22:22:53.874+03:00  INFO 13348 --- [SpringApplicationShutdownHook] j.LocalContainerEntityManagerFactoryBean : Closing JPA EntityManagerFactory for persistence unit 'default'
2023-12-19T22:22:53.879+03:00  INFO 13348 --- [SpringApplicationShutdownHook] com.zaxxer.hikari.HikariDataSource       : HikariPool-1 - Shutdown initiated...
2023-12-19T22:22:53.901+03:00  INFO 13348 --- [SpringApplicationShutdownHook] com.zaxxer.hikari.HikariDataSource       : HikariPool-1 - Shutdown completed.
2023-12-19T22:22:57.877+03:00  INFO 14664 --- [main] de.telran.SpringJpaApplication           : Starting SpringJpaApplication using Java 17.0.2 with PID 14664 (C:\Users\akhmetzianovaki\IdeaProjects\21-040423-e-be\cw-39\target\classes started by KhakovaKI in C:\Users\akhmetzianovaki\IdeaProjects\21-040423-e-be\cw-39)
2023-12-19T22:22:57.892+03:00 DEBUG 14664 --- [main] de.telran.SpringJpaApplication           : Running with Spring Boot v3.1.6, Spring v6.0.14
2023-12-19T22:22:57.895+03:00  INFO 14664 --- [main] de.telran.SpringJpaApplication           : No active profile set, falling back to 1 default profile: "default"
2023-12-19T22:23:00.444+03:00  INFO 14664 --- [main] .s.d.r.c.RepositoryConfigurationDelegate : Bootstrapping Spring Data JPA repositories in DEFAULT mode.
2023-12-19T22:23:00.577+03:00  INFO 14664 --- [main] .s.d.r.c.RepositoryConfigurationDelegate : Finished Spring Data repository scanning in 113 ms. Found 3 JPA repository interfaces.
2023-12-19T22:23:02.845+03:00  INFO 14664 --- [main] o.s.b.w.embedded.tomcat.TomcatWebServer  : Tomcat initialized with port(s): 8080 (http)
2023-12-19T22:23:02.871+03:00  INFO 14664 --- [main] o.apache.catalina.core.StandardService   : Starting service [Tomcat]
2023-12-19T22:23:02.872+03:00  INFO 14664 --- [main] o.apache.catalina.core.StandardEngine    : Starting Servlet engine: [Apache Tomcat/10.1.16]
2023-12-19T22:23:03.265+03:00  INFO 14664 --- [main] o.a.c.c.C.[Tomcat].[localhost].[/]       : Initializing Spring embedded WebApplicationContext
2023-12-19T22:23:03.266+03:00  INFO 14664 --- [main] w.s.c.ServletWebServerApplicationContext : Root WebApplicationContext: initialization completed in 5193 ms
2023-12-19T22:23:03.397+03:00 DEBUG 14664 --- [main] de.telran.security.JwtFilter             : Filter 'jwtFilter' configured for use
2023-12-19T22:23:03.744+03:00  INFO 14664 --- [main] o.hibernate.jpa.internal.util.LogHelper  : HHH000204: Processing PersistenceUnitInfo [name: default]
2023-12-19T22:23:03.885+03:00  INFO 14664 --- [main] org.hibernate.Version                    : HHH000412: Hibernate ORM core version 6.2.13.Final
2023-12-19T22:23:03.891+03:00  INFO 14664 --- [main] org.hibernate.cfg.Environment            : HHH000406: Using bytecode reflection optimizer
2023-12-19T22:23:04.599+03:00  INFO 14664 --- [main] o.s.o.j.p.SpringPersistenceUnitInfo      : No LoadTimeWeaver setup: ignoring JPA class transformer
2023-12-19T22:23:04.664+03:00  INFO 14664 --- [main] com.zaxxer.hikari.HikariDataSource       : HikariPool-1 - Starting...
2023-12-19T22:23:04.675+03:00  WARN 14664 --- [main] c.zaxxer.hikari.util.DriverDataSource    : Registered driver with driverClassName=com.mysql.jdbc.Driver was not found, trying direct instantiation.
2023-12-19T22:23:05.423+03:00  INFO 14664 --- [main] com.zaxxer.hikari.pool.HikariPool        : HikariPool-1 - Added connection com.mysql.cj.jdbc.ConnectionImpl@53e28097
2023-12-19T22:23:05.430+03:00  INFO 14664 --- [main] com.zaxxer.hikari.HikariDataSource       : HikariPool-1 - Start completed.
2023-12-19T22:23:05.607+03:00  WARN 14664 --- [main] org.hibernate.orm.deprecation            : HHH90000025: MySQL8Dialect does not need to be specified explicitly using 'hibernate.dialect' (remove the property setting and it will be selected by default)
2023-12-19T22:23:05.620+03:00  WARN 14664 --- [main] org.hibernate.orm.deprecation            : HHH90000026: MySQL8Dialect has been deprecated; use org.hibernate.dialect.MySQLDialect instead
2023-12-19T22:23:07.741+03:00  INFO 14664 --- [main] o.h.e.t.j.p.i.JtaPlatformInitiator       : HHH000489: No JTA platform available (set 'hibernate.transaction.jta.platform' to enable JTA platform integration)
2023-12-19T22:23:07.918+03:00  INFO 14664 --- [main] j.LocalContainerEntityManagerFactoryBean : Initialized JPA EntityManagerFactory for persistence unit 'default'
2023-12-19T22:23:09.436+03:00  WARN 14664 --- [main] JpaBaseConfiguration$JpaWebConfiguration : spring.jpa.open-in-view is enabled by default. Therefore, database queries may be performed during view rendering. Explicitly configure spring.jpa.open-in-view to disable this warning
2023-12-19T22:23:10.158+03:00  INFO 14664 --- [main] o.s.s.web.DefaultSecurityFilterChain     : Will secure any request with [org.springframework.security.web.session.DisableEncodeUrlFilter@23ee31b8, org.springframework.security.web.context.request.async.WebAsyncManagerIntegrationFilter@5fc42998, org.springframework.security.web.context.SecurityContextHolderFilter@31d791c0, org.springframework.security.web.header.HeaderWriterFilter@70a8654, org.springframework.security.web.authentication.logout.LogoutFilter@16eca98a, org.springframework.security.web.authentication.UsernamePasswordAuthenticationFilter@2bfe4df9, org.springframework.security.web.authentication.ui.DefaultLoginPageGeneratingFilter@7057d9f4, org.springframework.security.web.authentication.ui.DefaultLogoutPageGeneratingFilter@16422f27, org.springframework.security.web.savedrequest.RequestCacheAwareFilter@66ab3716, org.springframework.security.web.servletapi.SecurityContextHolderAwareRequestFilter@24347d8b, org.springframework.security.web.authentication.AnonymousAuthenticationFilter@5dfb65d5, org.springframework.security.web.access.ExceptionTranslationFilter@27f8f1cc, org.springframework.security.web.access.intercept.AuthorizationFilter@14af9f51]
2023-12-19T22:23:10.898+03:00  INFO 14664 --- [main] o.s.b.w.embedded.tomcat.TomcatWebServer  : Tomcat started on port(s): 8080 (http) with context path ''
2023-12-19T22:23:10.918+03:00  INFO 14664 --- [main] de.telran.SpringJpaApplication           : Started SpringJpaApplication in 13.977 seconds (process running for 14.876)
2023-12-19T22:23:17.392+03:00  INFO 14664 --- [SpringApplicationShutdownHook] j.LocalContainerEntityManagerFactoryBean : Closing JPA EntityManagerFactory for persistence unit 'default'
2023-12-19T22:23:17.396+03:00  INFO 14664 --- [SpringApplicationShutdownHook] com.zaxxer.hikari.HikariDataSource       : HikariPool-1 - Shutdown initiated...
2023-12-19T22:23:17.406+03:00  INFO 14664 --- [SpringApplicationShutdownHook] com.zaxxer.hikari.HikariDataSource       : HikariPool-1 - Shutdown completed.
2023-12-19T22:23:41.825+03:00  INFO 9256 --- [main] de.telran.SpringJpaApplication           : Starting SpringJpaApplication using Java 17.0.2 with PID 9256 (C:\Users\akhmetzianovaki\IdeaProjects\21-040423-e-be\cw-39\target\classes started by KhakovaKI in C:\Users\akhmetzianovaki\IdeaProjects\21-040423-e-be\cw-39)
2023-12-19T22:23:41.832+03:00 DEBUG 9256 --- [main] de.telran.SpringJpaApplication           : Running with Spring Boot v3.1.6, Spring v6.0.14
2023-12-19T22:23:41.834+03:00  INFO 9256 --- [main] de.telran.SpringJpaApplication           : No active profile set, falling back to 1 default profile: "default"
2023-12-19T22:23:43.977+03:00  INFO 9256 --- [main] .s.d.r.c.RepositoryConfigurationDelegate : Bootstrapping Spring Data JPA repositories in DEFAULT mode.
2023-12-19T22:23:44.114+03:00  INFO 9256 --- [main] .s.d.r.c.RepositoryConfigurationDelegate : Finished Spring Data repository scanning in 117 ms. Found 3 JPA repository interfaces.
2023-12-19T22:23:45.806+03:00  WARN 9256 --- [main] io.undertow.websockets.jsr               : UT026010: Buffer pool was not set on WebSocketDeploymentInfo, the default pool will be used
2023-12-19T22:23:45.846+03:00  INFO 9256 --- [main] io.undertow.servlet                      : Initializing Spring embedded WebApplicationContext
2023-12-19T22:23:45.846+03:00  INFO 9256 --- [main] w.s.c.ServletWebServerApplicationContext : Root WebApplicationContext: initialization completed in 3859 ms
2023-12-19T22:23:46.368+03:00  INFO 9256 --- [main] o.hibernate.jpa.internal.util.LogHelper  : HHH000204: Processing PersistenceUnitInfo [name: default]
2023-12-19T22:23:46.496+03:00  INFO 9256 --- [main] org.hibernate.Version                    : HHH000412: Hibernate ORM core version 6.2.13.Final
2023-12-19T22:23:46.504+03:00  INFO 9256 --- [main] org.hibernate.cfg.Environment            : HHH000406: Using bytecode reflection optimizer
2023-12-19T22:23:47.150+03:00  INFO 9256 --- [main] o.s.o.j.p.SpringPersistenceUnitInfo      : No LoadTimeWeaver setup: ignoring JPA class transformer
2023-12-19T22:23:47.214+03:00  INFO 9256 --- [main] com.zaxxer.hikari.HikariDataSource       : HikariPool-1 - Starting...
2023-12-19T22:23:47.224+03:00  WARN 9256 --- [main] c.zaxxer.hikari.util.DriverDataSource    : Registered driver with driverClassName=com.mysql.jdbc.Driver was not found, trying direct instantiation.
2023-12-19T22:23:47.911+03:00  INFO 9256 --- [main] com.zaxxer.hikari.pool.HikariPool        : HikariPool-1 - Added connection com.mysql.cj.jdbc.ConnectionImpl@39a3984c
2023-12-19T22:23:47.914+03:00  INFO 9256 --- [main] com.zaxxer.hikari.HikariDataSource       : HikariPool-1 - Start completed.
2023-12-19T22:23:47.991+03:00  WARN 9256 --- [main] org.hibernate.orm.deprecation            : HHH90000025: MySQL8Dialect does not need to be specified explicitly using 'hibernate.dialect' (remove the property setting and it will be selected by default)
2023-12-19T22:23:47.993+03:00  WARN 9256 --- [main] org.hibernate.orm.deprecation            : HHH90000026: MySQL8Dialect has been deprecated; use org.hibernate.dialect.MySQLDialect instead
2023-12-19T22:23:49.838+03:00  INFO 9256 --- [main] o.h.e.t.j.p.i.JtaPlatformInitiator       : HHH000489: No JTA platform available (set 'hibernate.transaction.jta.platform' to enable JTA platform integration)
2023-12-19T22:23:49.959+03:00  INFO 9256 --- [main] j.LocalContainerEntityManagerFactoryBean : Initialized JPA EntityManagerFactory for persistence unit 'default'
2023-12-19T22:23:51.231+03:00  WARN 9256 --- [main] JpaBaseConfiguration$JpaWebConfiguration : spring.jpa.open-in-view is enabled by default. Therefore, database queries may be performed during view rendering. Explicitly configure spring.jpa.open-in-view to disable this warning
2023-12-19T22:23:51.931+03:00  INFO 9256 --- [main] o.s.s.web.DefaultSecurityFilterChain     : Will secure any request with [org.springframework.security.web.session.DisableEncodeUrlFilter@2314f013, org.springframework.security.web.context.request.async.WebAsyncManagerIntegrationFilter@72ae1007, org.springframework.security.web.context.SecurityContextHolderFilter@41bc501b, org.springframework.security.web.header.HeaderWriterFilter@2981064d, org.springframework.security.web.authentication.logout.LogoutFilter@49b73e6c, org.springframework.security.web.authentication.UsernamePasswordAuthenticationFilter@80081d7, org.springframework.security.web.authentication.ui.DefaultLoginPageGeneratingFilter@8929865, org.springframework.security.web.authentication.ui.DefaultLogoutPageGeneratingFilter@4545cfc0, org.springframework.security.web.savedrequest.RequestCacheAwareFilter@321302bc, org.springframework.security.web.servletapi.SecurityContextHolderAwareRequestFilter@153c69bc, org.springframework.security.web.authentication.AnonymousAuthenticationFilter@5cdafb4d, org.springframework.security.web.access.ExceptionTranslationFilter@3da12ba4, org.springframework.security.web.access.intercept.AuthorizationFilter@44bb6856]
2023-12-19T22:23:52.600+03:00 DEBUG 9256 --- [main] de.telran.security.JwtFilter             : Filter 'jwtFilter' configured for use
2023-12-19T22:23:52.605+03:00  INFO 9256 --- [main] io.undertow                              : starting server: Undertow - 2.3.10.Final
2023-12-19T22:23:52.618+03:00  INFO 9256 --- [main] org.xnio                                 : XNIO version 3.8.8.Final
2023-12-19T22:23:52.639+03:00  INFO 9256 --- [main] org.xnio.nio                             : XNIO NIO Implementation Version 3.8.8.Final
2023-12-19T22:23:52.841+03:00  INFO 9256 --- [main] org.jboss.threads                        : JBoss Threads version 3.5.0.Final
2023-12-19T22:23:52.973+03:00  INFO 9256 --- [main] o.s.b.w.e.undertow.UndertowWebServer     : Undertow started on port(s) 8080 (http)
2023-12-19T22:23:52.997+03:00  INFO 9256 --- [main] de.telran.SpringJpaApplication           : Started SpringJpaApplication in 12.213 seconds (process running for 13.269)
2023-12-19T22:24:08.034+03:00  INFO 9256 --- [SpringApplicationShutdownHook] io.undertow                              : stopping server: Undertow - 2.3.10.Final
2023-12-19T22:24:08.044+03:00  INFO 9256 --- [SpringApplicationShutdownHook] j.LocalContainerEntityManagerFactoryBean : Closing JPA EntityManagerFactory for persistence unit 'default'
2023-12-19T22:24:08.046+03:00  INFO 9256 --- [SpringApplicationShutdownHook] com.zaxxer.hikari.HikariDataSource       : HikariPool-1 - Shutdown initiated...
2023-12-19T22:24:08.075+03:00  INFO 9256 --- [SpringApplicationShutdownHook] com.zaxxer.hikari.HikariDataSource       : HikariPool-1 - Shutdown completed.
2023-12-19T22:24:13.306+03:00  INFO 7912 --- [main] de.telran.SpringJpaApplication           : Starting SpringJpaApplication using Java 17.0.2 with PID 7912 (C:\Users\akhmetzianovaki\IdeaProjects\21-040423-e-be\cw-39\target\classes started by KhakovaKI in C:\Users\akhmetzianovaki\IdeaProjects\21-040423-e-be\cw-39)
2023-12-19T22:24:13.309+03:00 DEBUG 7912 --- [main] de.telran.SpringJpaApplication           : Running with Spring Boot v3.1.6, Spring v6.0.14
2023-12-19T22:24:13.311+03:00  INFO 7912 --- [main] de.telran.SpringJpaApplication           : No active profile set, falling back to 1 default profile: "default"
2023-12-19T22:24:15.560+03:00  INFO 7912 --- [main] .s.d.r.c.RepositoryConfigurationDelegate : Bootstrapping Spring Data JPA repositories in DEFAULT mode.
2023-12-19T22:24:15.713+03:00  INFO 7912 --- [main] .s.d.r.c.RepositoryConfigurationDelegate : Finished Spring Data repository scanning in 134 ms. Found 3 JPA repository interfaces.
2023-12-19T22:24:17.832+03:00  WARN 7912 --- [main] io.undertow.websockets.jsr               : UT026010: Buffer pool was not set on WebSocketDeploymentInfo, the default pool will be used
2023-12-19T22:24:17.895+03:00  INFO 7912 --- [main] io.undertow.servlet                      : Initializing Spring embedded WebApplicationContext
2023-12-19T22:24:17.896+03:00  INFO 7912 --- [main] w.s.c.ServletWebServerApplicationContext : Root WebApplicationContext: initialization completed in 4441 ms
2023-12-19T22:24:18.421+03:00  INFO 7912 --- [main] o.hibernate.jpa.internal.util.LogHelper  : HHH000204: Processing PersistenceUnitInfo [name: default]
2023-12-19T22:24:18.558+03:00  INFO 7912 --- [main] org.hibernate.Version                    : HHH000412: Hibernate ORM core version 6.2.13.Final
2023-12-19T22:24:18.562+03:00  INFO 7912 --- [main] org.hibernate.cfg.Environment            : HHH000406: Using bytecode reflection optimizer
2023-12-19T22:24:19.533+03:00  INFO 7912 --- [main] o.s.o.j.p.SpringPersistenceUnitInfo      : No LoadTimeWeaver setup: ignoring JPA class transformer
2023-12-19T22:24:19.598+03:00  INFO 7912 --- [main] com.zaxxer.hikari.HikariDataSource       : HikariPool-1 - Starting...
2023-12-19T22:24:19.607+03:00  WARN 7912 --- [main] c.zaxxer.hikari.util.DriverDataSource    : Registered driver with driverClassName=com.mysql.jdbc.Driver was not found, trying direct instantiation.
2023-12-19T22:24:20.385+03:00  INFO 7912 --- [main] com.zaxxer.hikari.pool.HikariPool        : HikariPool-1 - Added connection com.mysql.cj.jdbc.ConnectionImpl@b77b0a0
2023-12-19T22:24:20.391+03:00  INFO 7912 --- [main] com.zaxxer.hikari.HikariDataSource       : HikariPool-1 - Start completed.
2023-12-19T22:24:20.516+03:00  WARN 7912 --- [main] org.hibernate.orm.deprecation            : HHH90000025: MySQL8Dialect does not need to be specified explicitly using 'hibernate.dialect' (remove the property setting and it will be selected by default)
2023-12-19T22:24:20.520+03:00  WARN 7912 --- [main] org.hibernate.orm.deprecation            : HHH90000026: MySQL8Dialect has been deprecated; use org.hibernate.dialect.MySQLDialect instead
2023-12-19T22:24:22.673+03:00  INFO 7912 --- [main] o.h.e.t.j.p.i.JtaPlatformInitiator       : HHH000489: No JTA platform available (set 'hibernate.transaction.jta.platform' to enable JTA platform integration)
2023-12-19T22:24:22.809+03:00  INFO 7912 --- [main] j.LocalContainerEntityManagerFactoryBean : Initialized JPA EntityManagerFactory for persistence unit 'default'
2023-12-19T22:24:24.206+03:00  WARN 7912 --- [main] JpaBaseConfiguration$JpaWebConfiguration : spring.jpa.open-in-view is enabled by default. Therefore, database queries may be performed during view rendering. Explicitly configure spring.jpa.open-in-view to disable this warning
2023-12-19T22:24:25.102+03:00  INFO 7912 --- [main] o.s.s.web.DefaultSecurityFilterChain     : Will secure any request with [org.springframework.security.web.session.DisableEncodeUrlFilter@1798c749, org.springframework.security.web.context.request.async.WebAsyncManagerIntegrationFilter@726ee6cf, org.springframework.security.web.context.SecurityContextHolderFilter@7baea18b, org.springframework.security.web.header.HeaderWriterFilter@3445341, org.springframework.security.web.authentication.logout.LogoutFilter@f5314bc, org.springframework.security.web.authentication.UsernamePasswordAuthenticationFilter@6b8683b8, org.springframework.security.web.authentication.ui.DefaultLoginPageGeneratingFilter@41623694, org.springframework.security.web.authentication.ui.DefaultLogoutPageGeneratingFilter@4a83d61c, org.springframework.security.web.savedrequest.RequestCacheAwareFilter@2e93f91d, org.springframework.security.web.servletapi.SecurityContextHolderAwareRequestFilter@76929266, org.springframework.security.web.authentication.AnonymousAuthenticationFilter@624268ab, org.springframework.security.web.access.ExceptionTranslationFilter@2086f336, org.springframework.security.web.access.intercept.AuthorizationFilter@1ab780fd]
2023-12-19T22:24:26.481+03:00 DEBUG 7912 --- [main] de.telran.security.JwtFilter             : Filter 'jwtFilter' configured for use
2023-12-19T22:24:26.498+03:00  INFO 7912 --- [main] io.undertow                              : starting server: Undertow - 2.3.10.Final
2023-12-19T22:24:26.535+03:00  INFO 7912 --- [main] org.xnio                                 : XNIO version 3.8.8.Final
2023-12-19T22:24:26.565+03:00  INFO 7912 --- [main] org.xnio.nio                             : XNIO NIO Implementation Version 3.8.8.Final
2023-12-19T22:24:26.872+03:00  INFO 7912 --- [main] org.jboss.threads                        : JBoss Threads version 3.5.0.Final
2023-12-19T22:24:27.034+03:00  INFO 7912 --- [main] o.s.b.w.e.undertow.UndertowWebServer     : Undertow started on port(s) 8080 (http)
2023-12-19T22:24:27.063+03:00  INFO 7912 --- [main] de.telran.SpringJpaApplication           : Started SpringJpaApplication in 14.759 seconds (process running for 16.428)
2023-12-19T22:24:32.172+03:00  INFO 7912 --- [XNIO-1 task-2] io.undertow.servlet                      : Initializing Spring DispatcherServlet 'dispatcherServlet'
2023-12-19T22:24:32.172+03:00  INFO 7912 --- [XNIO-1 task-2] o.s.web.servlet.DispatcherServlet        : Initializing Servlet 'dispatcherServlet'
2023-12-19T22:24:32.176+03:00  INFO 7912 --- [XNIO-1 task-2] o.s.web.servlet.DispatcherServlet        : Completed initialization in 4 ms
2023-12-19T22:24:58.679+03:00  INFO 7912 --- [SpringApplicationShutdownHook] io.undertow                              : stopping server: Undertow - 2.3.10.Final
2023-12-19T22:24:58.683+03:00  INFO 7912 --- [SpringApplicationShutdownHook] io.undertow.servlet                      : Destroying Spring FrameworkServlet 'dispatcherServlet'
2023-12-19T22:24:58.688+03:00  INFO 7912 --- [SpringApplicationShutdownHook] j.LocalContainerEntityManagerFactoryBean : Closing JPA EntityManagerFactory for persistence unit 'default'
2023-12-19T22:24:58.695+03:00  INFO 7912 --- [SpringApplicationShutdownHook] com.zaxxer.hikari.HikariDataSource       : HikariPool-1 - Shutdown initiated...
2023-12-19T22:24:58.726+03:00  INFO 7912 --- [SpringApplicationShutdownHook] com.zaxxer.hikari.HikariDataSource       : HikariPool-1 - Shutdown completed.
2023-12-19T22:25:04.266+03:00  INFO 17036 --- [main] de.telran.SpringJpaApplication           : Starting SpringJpaApplication using Java 17.0.2 with PID 17036 (C:\Users\akhmetzianovaki\IdeaProjects\21-040423-e-be\cw-39\target\classes started by KhakovaKI in C:\Users\akhmetzianovaki\IdeaProjects\21-040423-e-be\cw-39)
2023-12-19T22:25:04.269+03:00 DEBUG 17036 --- [main] de.telran.SpringJpaApplication           : Running with Spring Boot v3.1.6, Spring v6.0.14
2023-12-19T22:25:04.273+03:00  INFO 17036 --- [main] de.telran.SpringJpaApplication           : No active profile set, falling back to 1 default profile: "default"
2023-12-19T22:25:06.556+03:00  INFO 17036 --- [main] .s.d.r.c.RepositoryConfigurationDelegate : Bootstrapping Spring Data JPA repositories in DEFAULT mode.
2023-12-19T22:25:06.778+03:00  INFO 17036 --- [main] .s.d.r.c.RepositoryConfigurationDelegate : Finished Spring Data repository scanning in 197 ms. Found 3 JPA repository interfaces.
2023-12-19T22:25:08.886+03:00  WARN 17036 --- [main] io.undertow.websockets.jsr               : UT026010: Buffer pool was not set on WebSocketDeploymentInfo, the default pool will be used
2023-12-19T22:25:08.956+03:00  INFO 17036 --- [main] io.undertow.servlet                      : Initializing Spring embedded WebApplicationContext
2023-12-19T22:25:08.957+03:00  INFO 17036 --- [main] w.s.c.ServletWebServerApplicationContext : Root WebApplicationContext: initialization completed in 4529 ms
2023-12-19T22:25:09.585+03:00  INFO 17036 --- [main] o.hibernate.jpa.internal.util.LogHelper  : HHH000204: Processing PersistenceUnitInfo [name: default]
2023-12-19T22:25:09.732+03:00  INFO 17036 --- [main] org.hibernate.Version                    : HHH000412: Hibernate ORM core version 6.2.13.Final
2023-12-19T22:25:09.739+03:00  INFO 17036 --- [main] org.hibernate.cfg.Environment            : HHH000406: Using bytecode reflection optimizer
2023-12-19T22:25:10.487+03:00  INFO 17036 --- [main] o.s.o.j.p.SpringPersistenceUnitInfo      : No LoadTimeWeaver setup: ignoring JPA class transformer
2023-12-19T22:25:10.564+03:00  INFO 17036 --- [main] com.zaxxer.hikari.HikariDataSource       : HikariPool-1 - Starting...
2023-12-19T22:25:10.580+03:00  WARN 17036 --- [main] c.zaxxer.hikari.util.DriverDataSource    : Registered driver with driverClassName=com.mysql.jdbc.Driver was not found, trying direct instantiation.
2023-12-19T22:25:11.477+03:00  INFO 17036 --- [main] com.zaxxer.hikari.pool.HikariPool        : HikariPool-1 - Added connection com.mysql.cj.jdbc.ConnectionImpl@7d7b4e04
2023-12-19T22:25:11.481+03:00  INFO 17036 --- [main] com.zaxxer.hikari.HikariDataSource       : HikariPool-1 - Start completed.
2023-12-19T22:25:11.599+03:00  WARN 17036 --- [main] org.hibernate.orm.deprecation            : HHH90000025: MySQL8Dialect does not need to be specified explicitly using 'hibernate.dialect' (remove the property setting and it will be selected by default)
2023-12-19T22:25:11.602+03:00  WARN 17036 --- [main] org.hibernate.orm.deprecation            : HHH90000026: MySQL8Dialect has been deprecated; use org.hibernate.dialect.MySQLDialect instead
2023-12-19T22:25:13.687+03:00  INFO 17036 --- [main] o.h.e.t.j.p.i.JtaPlatformInitiator       : HHH000489: No JTA platform available (set 'hibernate.transaction.jta.platform' to enable JTA platform integration)
2023-12-19T22:25:13.839+03:00  INFO 17036 --- [main] j.LocalContainerEntityManagerFactoryBean : Initialized JPA EntityManagerFactory for persistence unit 'default'
2023-12-19T22:25:15.355+03:00  WARN 17036 --- [main] JpaBaseConfiguration$JpaWebConfiguration : spring.jpa.open-in-view is enabled by default. Therefore, database queries may be performed during view rendering. Explicitly configure spring.jpa.open-in-view to disable this warning
2023-12-19T22:25:16.161+03:00  INFO 17036 --- [main] o.s.s.web.DefaultSecurityFilterChain     : Will secure any request with [org.springframework.security.web.session.DisableEncodeUrlFilter@1e387974, org.springframework.security.web.context.request.async.WebAsyncManagerIntegrationFilter@2a23c061, org.springframework.security.web.context.SecurityContextHolderFilter@578ac0be, org.springframework.security.web.header.HeaderWriterFilter@698394bf, org.springframework.security.web.authentication.logout.LogoutFilter@76929266, de.telran.security.JwtFilter@7f7c420c, org.springframework.security.web.savedrequest.RequestCacheAwareFilter@7b5e5fa, org.springframework.security.web.servletapi.SecurityContextHolderAwareRequestFilter@6ce1cc03, org.springframework.security.web.authentication.AnonymousAuthenticationFilter@7c6557da, org.springframework.security.web.session.SessionManagementFilter@2226fd2b, org.springframework.security.web.access.ExceptionTranslationFilter@209f0986, org.springframework.security.web.access.intercept.AuthorizationFilter@69c7eafd]
2023-12-19T22:25:16.928+03:00 DEBUG 17036 --- [main] de.telran.security.JwtFilter             : Filter 'jwtFilter' configured for use
2023-12-19T22:25:16.936+03:00  INFO 17036 --- [main] io.undertow                              : starting server: Undertow - 2.3.10.Final
2023-12-19T22:25:16.959+03:00  INFO 17036 --- [main] org.xnio                                 : XNIO version 3.8.8.Final
2023-12-19T22:25:16.982+03:00  INFO 17036 --- [main] org.xnio.nio                             : XNIO NIO Implementation Version 3.8.8.Final
2023-12-19T22:25:17.239+03:00  INFO 17036 --- [main] org.jboss.threads                        : JBoss Threads version 3.5.0.Final
2023-12-19T22:25:17.362+03:00  INFO 17036 --- [main] o.s.b.w.e.undertow.UndertowWebServer     : Undertow started on port(s) 8080 (http)
2023-12-19T22:25:17.393+03:00  INFO 17036 --- [main] de.telran.SpringJpaApplication           : Started SpringJpaApplication in 14.138 seconds (process running for 15.691)
2023-12-19T22:25:25.271+03:00  INFO 17036 --- [XNIO-1 task-2] io.undertow.servlet                      : Initializing Spring DispatcherServlet 'dispatcherServlet'
2023-12-19T22:25:25.271+03:00  INFO 17036 --- [XNIO-1 task-2] o.s.web.servlet.DispatcherServlet        : Initializing Servlet 'dispatcherServlet'
2023-12-19T22:25:25.274+03:00  INFO 17036 --- [XNIO-1 task-2] o.s.web.servlet.DispatcherServlet        : Completed initialization in 2 ms
2023-12-19T22:28:22.971+03:00  WARN 17036 --- [HikariPool-1 housekeeper] com.zaxxer.hikari.pool.HikariPool        : HikariPool-1 - Thread starvation or clock leap detected (housekeeper delta=2m11s359ms146µs300ns).
2023-12-19T22:28:22.984+03:00  WARN 17036 --- [XNIO-1 task-3] o.s.w.s.h.HandlerMappingIntrospector     : Cache miss for REQUEST dispatch to '/swagger-ui/index.html' (previous null). Performing MatchableHandlerMapping lookup. This is logged once only at WARN level, and every time at TRACE.
2023-12-19T22:28:23.035+03:00  INFO 17036 --- [SpringApplicationShutdownHook] io.undertow                              : stopping server: Undertow - 2.3.10.Final
2023-12-19T22:28:23.053+03:00  INFO 17036 --- [SpringApplicationShutdownHook] io.undertow.servlet                      : Destroying Spring FrameworkServlet 'dispatcherServlet'
2023-12-19T22:28:23.081+03:00  INFO 17036 --- [SpringApplicationShutdownHook] j.LocalContainerEntityManagerFactoryBean : Closing JPA EntityManagerFactory for persistence unit 'default'
2023-12-19T22:28:23.089+03:00  INFO 17036 --- [SpringApplicationShutdownHook] com.zaxxer.hikari.HikariDataSource       : HikariPool-1 - Shutdown initiated...
2023-12-19T22:28:23.125+03:00  INFO 17036 --- [SpringApplicationShutdownHook] com.zaxxer.hikari.HikariDataSource       : HikariPool-1 - Shutdown completed.
2023-12-19T22:52:58.014+03:00  INFO 9876 --- [main] de.telran.SpringJpaApplication           : Starting SpringJpaApplication using Java 17.0.2 with PID 9876 (C:\Users\akhmetzianovaki\IdeaProjects\21-040423-e-be\cw-39\target\classes started by KhakovaKI in C:\Users\akhmetzianovaki\IdeaProjects\21-040423-e-be\cw-39)
2023-12-19T22:52:58.019+03:00 DEBUG 9876 --- [main] de.telran.SpringJpaApplication           : Running with Spring Boot v3.1.6, Spring v6.0.14
2023-12-19T22:52:58.021+03:00  INFO 9876 --- [main] de.telran.SpringJpaApplication           : No active profile set, falling back to 1 default profile: "default"
2023-12-19T22:53:00.944+03:00  INFO 9876 --- [main] .s.d.r.c.RepositoryConfigurationDelegate : Bootstrapping Spring Data JPA repositories in DEFAULT mode.
2023-12-19T22:53:01.137+03:00  INFO 9876 --- [main] .s.d.r.c.RepositoryConfigurationDelegate : Finished Spring Data repository scanning in 166 ms. Found 3 JPA repository interfaces.
2023-12-19T22:53:03.405+03:00  WARN 9876 --- [main] io.undertow.websockets.jsr               : UT026010: Buffer pool was not set on WebSocketDeploymentInfo, the default pool will be used
2023-12-19T22:53:03.486+03:00  INFO 9876 --- [main] io.undertow.servlet                      : Initializing Spring embedded WebApplicationContext
2023-12-19T22:53:03.488+03:00  INFO 9876 --- [main] w.s.c.ServletWebServerApplicationContext : Root WebApplicationContext: initialization completed in 5307 ms
2023-12-19T22:53:04.108+03:00  INFO 9876 --- [main] o.hibernate.jpa.internal.util.LogHelper  : HHH000204: Processing PersistenceUnitInfo [name: default]
2023-12-19T22:53:04.305+03:00  INFO 9876 --- [main] org.hibernate.Version                    : HHH000412: Hibernate ORM core version 6.2.13.Final
2023-12-19T22:53:04.318+03:00  INFO 9876 --- [main] org.hibernate.cfg.Environment            : HHH000406: Using bytecode reflection optimizer
2023-12-19T22:53:05.272+03:00  INFO 9876 --- [main] o.s.o.j.p.SpringPersistenceUnitInfo      : No LoadTimeWeaver setup: ignoring JPA class transformer
2023-12-19T22:53:05.366+03:00  INFO 9876 --- [main] com.zaxxer.hikari.HikariDataSource       : HikariPool-1 - Starting...
2023-12-19T22:53:05.377+03:00  WARN 9876 --- [main] c.zaxxer.hikari.util.DriverDataSource    : Registered driver with driverClassName=com.mysql.jdbc.Driver was not found, trying direct instantiation.
2023-12-19T22:53:06.241+03:00  INFO 9876 --- [main] com.zaxxer.hikari.pool.HikariPool        : HikariPool-1 - Added connection com.mysql.cj.jdbc.ConnectionImpl@333a44f2
2023-12-19T22:53:06.247+03:00  INFO 9876 --- [main] com.zaxxer.hikari.HikariDataSource       : HikariPool-1 - Start completed.
2023-12-19T22:53:06.360+03:00  WARN 9876 --- [main] org.hibernate.orm.deprecation            : HHH90000025: MySQL8Dialect does not need to be specified explicitly using 'hibernate.dialect' (remove the property setting and it will be selected by default)
2023-12-19T22:53:06.365+03:00  WARN 9876 --- [main] org.hibernate.orm.deprecation            : HHH90000026: MySQL8Dialect has been deprecated; use org.hibernate.dialect.MySQLDialect instead
2023-12-19T22:53:09.354+03:00  INFO 9876 --- [main] o.h.e.t.j.p.i.JtaPlatformInitiator       : HHH000489: No JTA platform available (set 'hibernate.transaction.jta.platform' to enable JTA platform integration)
2023-12-19T22:53:09.518+03:00  INFO 9876 --- [main] j.LocalContainerEntityManagerFactoryBean : Initialized JPA EntityManagerFactory for persistence unit 'default'
2023-12-19T22:53:11.189+03:00  WARN 9876 --- [main] JpaBaseConfiguration$JpaWebConfiguration : spring.jpa.open-in-view is enabled by default. Therefore, database queries may be performed during view rendering. Explicitly configure spring.jpa.open-in-view to disable this warning
2023-12-19T22:53:11.961+03:00  INFO 9876 --- [main] o.s.s.web.DefaultSecurityFilterChain     : Will secure any request with [org.springframework.security.web.session.DisableEncodeUrlFilter@366c9912, org.springframework.security.web.context.request.async.WebAsyncManagerIntegrationFilter@628b9af5, org.springframework.security.web.context.SecurityContextHolderFilter@1a899fcd, org.springframework.security.web.header.HeaderWriterFilter@3ad80206, org.springframework.security.web.authentication.logout.LogoutFilter@7ceb7a60, de.telran.security.JwtFilter@707ca986, org.springframework.security.web.savedrequest.RequestCacheAwareFilter@4778c085, org.springframework.security.web.servletapi.SecurityContextHolderAwareRequestFilter@1b6e32ee, org.springframework.security.web.authentication.AnonymousAuthenticationFilter@137db13f, org.springframework.security.web.session.SessionManagementFilter@7baea18b, org.springframework.security.web.access.ExceptionTranslationFilter@14b0b7f9, org.springframework.security.web.access.intercept.AuthorizationFilter@624268ab]
2023-12-19T22:53:12.727+03:00 DEBUG 9876 --- [main] de.telran.security.JwtFilter             : Filter 'jwtFilter' configured for use
2023-12-19T22:53:12.736+03:00  INFO 9876 --- [main] io.undertow                              : starting server: Undertow - 2.3.10.Final
2023-12-19T22:53:12.773+03:00  INFO 9876 --- [main] org.xnio                                 : XNIO version 3.8.8.Final
2023-12-19T22:53:12.802+03:00  INFO 9876 --- [main] org.xnio.nio                             : XNIO NIO Implementation Version 3.8.8.Final
2023-12-19T22:53:13.031+03:00  INFO 9876 --- [main] org.jboss.threads                        : JBoss Threads version 3.5.0.Final
2023-12-19T22:53:13.174+03:00  INFO 9876 --- [main] o.s.b.w.e.undertow.UndertowWebServer     : Undertow started on port(s) 8080 (http)
2023-12-19T22:53:13.204+03:00  INFO 9876 --- [main] de.telran.SpringJpaApplication           : Started SpringJpaApplication in 16.451 seconds (process running for 18.537)
2023-12-19T22:53:42.199+03:00  INFO 9876 --- [XNIO-1 task-2] io.undertow.servlet                      : Initializing Spring DispatcherServlet 'dispatcherServlet'
2023-12-19T22:53:42.200+03:00  INFO 9876 --- [XNIO-1 task-2] o.s.web.servlet.DispatcherServlet        : Initializing Servlet 'dispatcherServlet'
2023-12-19T22:53:42.203+03:00  INFO 9876 --- [XNIO-1 task-2] o.s.web.servlet.DispatcherServlet        : Completed initialization in 3 ms
2023-12-19T22:53:49.917+03:00  WARN 9876 --- [XNIO-1 task-2] o.s.w.s.h.HandlerMappingIntrospector     : Cache miss for REQUEST dispatch to '/swagger-ui/index.html' (previous null). Performing MatchableHandlerMapping lookup. This is logged once only at WARN level, and every time at TRACE.
2023-12-19T22:53:52.451+03:00  INFO 9876 --- [XNIO-1 task-2] o.springdoc.api.AbstractOpenApiResource  : Init duration for springdoc-openapi is: 1310 ms
2023-12-19T22:55:10.615+03:00 DEBUG 9876 --- [XNIO-1 task-2] de.telran.controller.OrderController     : request to get user id: 1
2023-12-19T22:55:10.624+03:00 DEBUG 9876 --- [XNIO-1 task-2] de.telran.service.OrderService           : request to get user id: 1
2023-12-19T22:55:10.625+03:00  INFO 9876 --- [XNIO-1 task-2] de.telran.service.OrderService           : request to get user id: 1
2023-12-19T22:55:10.625+03:00  WARN 9876 --- [XNIO-1 task-2] de.telran.service.OrderService           : request to get user id: 1
2023-12-19T22:55:10.625+03:00 ERROR 9876 --- [XNIO-1 task-2] de.telran.service.OrderService           : request to get user id: 1
2023-12-19T22:56:46.885+03:00  WARN 9876 --- [HikariPool-1 housekeeper] com.zaxxer.hikari.pool.HikariPool        : HikariPool-1 - Thread starvation or clock leap detected (housekeeper delta=1m36s278ms531µs700ns).
2023-12-19T22:56:46.917+03:00 ERROR 9876 --- [XNIO-1 task-2] io.undertow.request                      : UT005023: Exception handling request to /orders/1

jakarta.servlet.ServletException: Request processing failed: org.springframework.http.converter.HttpMessageConversionException: Type definition error: [simple type, class org.hibernate.proxy.pojo.bytebuddy.ByteBuddyInterceptor]
	at org.springframework.web.servlet.FrameworkServlet.processRequest(FrameworkServlet.java:1022) ~[spring-webmvc-6.0.14.jar:6.0.14]
	at org.springframework.web.servlet.FrameworkServlet.doGet(FrameworkServlet.java:903) ~[spring-webmvc-6.0.14.jar:6.0.14]
	at jakarta.servlet.http.HttpServlet.service(HttpServlet.java:527) ~[jakarta.servlet-api-6.0.0.jar:6.0.0]
	at org.springframework.web.servlet.FrameworkServlet.service(FrameworkServlet.java:885) ~[spring-webmvc-6.0.14.jar:6.0.14]
	at jakarta.servlet.http.HttpServlet.service(HttpServlet.java:614) ~[jakarta.servlet-api-6.0.0.jar:6.0.0]
	at io.undertow.servlet.handlers.ServletHandler.handleRequest(ServletHandler.java:74) ~[undertow-servlet-2.3.10.Final.jar:2.3.10.Final]
	at io.undertow.servlet.handlers.FilterHandler$FilterChainImpl.doFilter(FilterHandler.java:129) ~[undertow-servlet-2.3.10.Final.jar:2.3.10.Final]
	at de.telran.security.JwtFilter.doFilter(JwtFilter.java:38) ~[classes/:na]
	at io.undertow.servlet.core.ManagedFilter.doFilter(ManagedFilter.java:67) ~[undertow-servlet-2.3.10.Final.jar:2.3.10.Final]
	at io.undertow.servlet.handlers.FilterHandler$FilterChainImpl.doFilter(FilterHandler.java:131) ~[undertow-servlet-2.3.10.Final.jar:2.3.10.Final]
	at org.springframework.security.web.FilterChainProxy.lambda$doFilterInternal$3(FilterChainProxy.java:231) ~[spring-security-web-6.1.5.jar:6.1.5]
	at org.springframework.security.web.FilterChainProxy$VirtualFilterChain.doFilter(FilterChainProxy.java:365) ~[spring-security-web-6.1.5.jar:6.1.5]
	at org.springframework.security.web.access.intercept.AuthorizationFilter.doFilter(AuthorizationFilter.java:100) ~[spring-security-web-6.1.5.jar:6.1.5]
	at org.springframework.security.web.FilterChainProxy$VirtualFilterChain.doFilter(FilterChainProxy.java:374) ~[spring-security-web-6.1.5.jar:6.1.5]
	at org.springframework.security.web.access.ExceptionTranslationFilter.doFilter(ExceptionTranslationFilter.java:126) ~[spring-security-web-6.1.5.jar:6.1.5]
	at org.springframework.security.web.access.ExceptionTranslationFilter.doFilter(ExceptionTranslationFilter.java:120) ~[spring-security-web-6.1.5.jar:6.1.5]
	at org.springframework.security.web.FilterChainProxy$VirtualFilterChain.doFilter(FilterChainProxy.java:374) ~[spring-security-web-6.1.5.jar:6.1.5]
	at org.springframework.security.web.session.SessionManagementFilter.doFilter(SessionManagementFilter.java:131) ~[spring-security-web-6.1.5.jar:6.1.5]
	at org.springframework.security.web.session.SessionManagementFilter.doFilter(SessionManagementFilter.java:85) ~[spring-security-web-6.1.5.jar:6.1.5]
	at org.springframework.security.web.FilterChainProxy$VirtualFilterChain.doFilter(FilterChainProxy.java:374) ~[spring-security-web-6.1.5.jar:6.1.5]
	at org.springframework.security.web.authentication.AnonymousAuthenticationFilter.doFilter(AnonymousAuthenticationFilter.java:100) ~[spring-security-web-6.1.5.jar:6.1.5]
	at org.springframework.security.web.FilterChainProxy$VirtualFilterChain.doFilter(FilterChainProxy.java:374) ~[spring-security-web-6.1.5.jar:6.1.5]
	at org.springframework.security.web.servletapi.SecurityContextHolderAwareRequestFilter.doFilter(SecurityContextHolderAwareRequestFilter.java:179) ~[spring-security-web-6.1.5.jar:6.1.5]
	at org.springframework.security.web.FilterChainProxy$VirtualFilterChain.doFilter(FilterChainProxy.java:374) ~[spring-security-web-6.1.5.jar:6.1.5]
	at org.springframework.security.web.savedrequest.RequestCacheAwareFilter.doFilter(RequestCacheAwareFilter.java:63) ~[spring-security-web-6.1.5.jar:6.1.5]
	at org.springframework.security.web.FilterChainProxy$VirtualFilterChain.doFilter(FilterChainProxy.java:374) ~[spring-security-web-6.1.5.jar:6.1.5]
	at de.telran.security.JwtFilter.doFilter(JwtFilter.java:38) ~[classes/:na]
	at org.springframework.security.web.FilterChainProxy$VirtualFilterChain.doFilter(FilterChainProxy.java:374) ~[spring-security-web-6.1.5.jar:6.1.5]
	at org.springframework.security.web.authentication.logout.LogoutFilter.doFilter(LogoutFilter.java:107) ~[spring-security-web-6.1.5.jar:6.1.5]
	at org.springframework.security.web.authentication.logout.LogoutFilter.doFilter(LogoutFilter.java:93) ~[spring-security-web-6.1.5.jar:6.1.5]
	at org.springframework.security.web.FilterChainProxy$VirtualFilterChain.doFilter(FilterChainProxy.java:374) ~[spring-security-web-6.1.5.jar:6.1.5]
	at org.springframework.security.web.header.HeaderWriterFilter.doHeadersAfter(HeaderWriterFilter.java:90) ~[spring-security-web-6.1.5.jar:6.1.5]
	at org.springframework.security.web.header.HeaderWriterFilter.doFilterInternal(HeaderWriterFilter.java:75) ~[spring-security-web-6.1.5.jar:6.1.5]
	at org.springframework.web.filter.OncePerRequestFilter.doFilter(OncePerRequestFilter.java:116) ~[spring-web-6.0.14.jar:6.0.14]
	at org.springframework.security.web.FilterChainProxy$VirtualFilterChain.doFilter(FilterChainProxy.java:374) ~[spring-security-web-6.1.5.jar:6.1.5]
	at org.springframework.security.web.context.SecurityContextHolderFilter.doFilter(SecurityContextHolderFilter.java:82) ~[spring-security-web-6.1.5.jar:6.1.5]
	at org.springframework.security.web.context.SecurityContextHolderFilter.doFilter(SecurityContextHolderFilter.java:69) ~[spring-security-web-6.1.5.jar:6.1.5]
	at org.springframework.security.web.FilterChainProxy$VirtualFilterChain.doFilter(FilterChainProxy.java:374) ~[spring-security-web-6.1.5.jar:6.1.5]
	at org.springframework.security.web.context.request.async.WebAsyncManagerIntegrationFilter.doFilterInternal(WebAsyncManagerIntegrationFilter.java:62) ~[spring-security-web-6.1.5.jar:6.1.5]
	at org.springframework.web.filter.OncePerRequestFilter.doFilter(OncePerRequestFilter.java:116) ~[spring-web-6.0.14.jar:6.0.14]
	at org.springframework.security.web.FilterChainProxy$VirtualFilterChain.doFilter(FilterChainProxy.java:374) ~[spring-security-web-6.1.5.jar:6.1.5]
	at org.springframework.security.web.session.DisableEncodeUrlFilter.doFilterInternal(DisableEncodeUrlFilter.java:42) ~[spring-security-web-6.1.5.jar:6.1.5]
	at org.springframework.web.filter.OncePerRequestFilter.doFilter(OncePerRequestFilter.java:116) ~[spring-web-6.0.14.jar:6.0.14]
	at org.springframework.security.web.FilterChainProxy$VirtualFilterChain.doFilter(FilterChainProxy.java:374) ~[spring-security-web-6.1.5.jar:6.1.5]
	at org.springframework.security.web.FilterChainProxy.doFilterInternal(FilterChainProxy.java:233) ~[spring-security-web-6.1.5.jar:6.1.5]
	at org.springframework.security.web.FilterChainProxy.doFilter(FilterChainProxy.java:191) ~[spring-security-web-6.1.5.jar:6.1.5]
	at org.springframework.web.filter.DelegatingFilterProxy.invokeDelegate(DelegatingFilterProxy.java:352) ~[spring-web-6.0.14.jar:6.0.14]
	at org.springframework.web.filter.DelegatingFilterProxy.doFilter(DelegatingFilterProxy.java:268) ~[spring-web-6.0.14.jar:6.0.14]
	at io.undertow.servlet.core.ManagedFilter.doFilter(ManagedFilter.java:67) ~[undertow-servlet-2.3.10.Final.jar:2.3.10.Final]
	at io.undertow.servlet.handlers.FilterHandler$FilterChainImpl.doFilter(FilterHandler.java:131) ~[undertow-servlet-2.3.10.Final.jar:2.3.10.Final]
	at org.springframework.web.filter.RequestContextFilter.doFilterInternal(RequestContextFilter.java:100) ~[spring-web-6.0.14.jar:6.0.14]
	at org.springframework.web.filter.OncePerRequestFilter.doFilter(OncePerRequestFilter.java:116) ~[spring-web-6.0.14.jar:6.0.14]
	at io.undertow.servlet.core.ManagedFilter.doFilter(ManagedFilter.java:67) ~[undertow-servlet-2.3.10.Final.jar:2.3.10.Final]
	at io.undertow.servlet.handlers.FilterHandler$FilterChainImpl.doFilter(FilterHandler.java:131) ~[undertow-servlet-2.3.10.Final.jar:2.3.10.Final]
	at org.springframework.web.filter.FormContentFilter.doFilterInternal(FormContentFilter.java:93) ~[spring-web-6.0.14.jar:6.0.14]
	at org.springframework.web.filter.OncePerRequestFilter.doFilter(OncePerRequestFilter.java:116) ~[spring-web-6.0.14.jar:6.0.14]
	at io.undertow.servlet.core.ManagedFilter.doFilter(ManagedFilter.java:67) ~[undertow-servlet-2.3.10.Final.jar:2.3.10.Final]
	at io.undertow.servlet.handlers.FilterHandler$FilterChainImpl.doFilter(FilterHandler.java:131) ~[undertow-servlet-2.3.10.Final.jar:2.3.10.Final]
	at org.springframework.web.filter.CharacterEncodingFilter.doFilterInternal(CharacterEncodingFilter.java:201) ~[spring-web-6.0.14.jar:6.0.14]
	at org.springframework.web.filter.OncePerRequestFilter.doFilter(OncePerRequestFilter.java:116) ~[spring-web-6.0.14.jar:6.0.14]
	at io.undertow.servlet.core.ManagedFilter.doFilter(ManagedFilter.java:67) ~[undertow-servlet-2.3.10.Final.jar:2.3.10.Final]
	at io.undertow.servlet.handlers.FilterHandler$FilterChainImpl.doFilter(FilterHandler.java:131) ~[undertow-servlet-2.3.10.Final.jar:2.3.10.Final]
	at io.undertow.servlet.handlers.FilterHandler.handleRequest(FilterHandler.java:84) ~[undertow-servlet-2.3.10.Final.jar:2.3.10.Final]
	at io.undertow.servlet.handlers.security.ServletSecurityRoleHandler.handleRequest(ServletSecurityRoleHandler.java:62) ~[undertow-servlet-2.3.10.Final.jar:2.3.10.Final]
	at io.undertow.servlet.handlers.ServletChain$1.handleRequest(ServletChain.java:68) ~[undertow-servlet-2.3.10.Final.jar:2.3.10.Final]
	at io.undertow.servlet.handlers.ServletDispatchingHandler.handleRequest(ServletDispatchingHandler.java:36) ~[undertow-servlet-2.3.10.Final.jar:2.3.10.Final]
	at io.undertow.servlet.handlers.RedirectDirHandler.handleRequest(RedirectDirHandler.java:68) ~[undertow-servlet-2.3.10.Final.jar:2.3.10.Final]
	at io.undertow.servlet.handlers.security.SSLInformationAssociationHandler.handleRequest(SSLInformationAssociationHandler.java:117) ~[undertow-servlet-2.3.10.Final.jar:2.3.10.Final]
	at io.undertow.servlet.handlers.security.ServletAuthenticationCallHandler.handleRequest(ServletAuthenticationCallHandler.java:57) ~[undertow-servlet-2.3.10.Final.jar:2.3.10.Final]
	at io.undertow.server.handlers.PredicateHandler.handleRequest(PredicateHandler.java:43) ~[undertow-core-2.3.10.Final.jar:2.3.10.Final]
	at io.undertow.security.handlers.AbstractConfidentialityHandler.handleRequest(AbstractConfidentialityHandler.java:46) ~[undertow-core-2.3.10.Final.jar:2.3.10.Final]
	at io.undertow.servlet.handlers.security.ServletConfidentialityConstraintHandler.handleRequest(ServletConfidentialityConstraintHandler.java:64) ~[undertow-servlet-2.3.10.Final.jar:2.3.10.Final]
	at io.undertow.security.handlers.AuthenticationMechanismsHandler.handleRequest(AuthenticationMechanismsHandler.java:60) ~[undertow-core-2.3.10.Final.jar:2.3.10.Final]
	at io.undertow.servlet.handlers.security.CachedAuthenticatedSessionHandler.handleRequest(CachedAuthenticatedSessionHandler.java:77) ~[undertow-servlet-2.3.10.Final.jar:2.3.10.Final]
	at io.undertow.security.handlers.AbstractSecurityContextAssociationHandler.handleRequest(AbstractSecurityContextAssociationHandler.java:43) ~[undertow-core-2.3.10.Final.jar:2.3.10.Final]
	at io.undertow.server.handlers.PredicateHandler.handleRequest(PredicateHandler.java:43) ~[undertow-core-2.3.10.Final.jar:2.3.10.Final]
	at io.undertow.servlet.handlers.SendErrorPageHandler.handleRequest(SendErrorPageHandler.java:52) ~[undertow-servlet-2.3.10.Final.jar:2.3.10.Final]
	at io.undertow.server.handlers.PredicateHandler.handleRequest(PredicateHandler.java:43) ~[undertow-core-2.3.10.Final.jar:2.3.10.Final]
	at io.undertow.servlet.handlers.ServletInitialHandler.handleFirstRequest(ServletInitialHandler.java:276) ~[undertow-servlet-2.3.10.Final.jar:2.3.10.Final]
	at io.undertow.servlet.handlers.ServletInitialHandler$2.call(ServletInitialHandler.java:135) ~[undertow-servlet-2.3.10.Final.jar:2.3.10.Final]
	at io.undertow.servlet.handlers.ServletInitialHandler$2.call(ServletInitialHandler.java:132) ~[undertow-servlet-2.3.10.Final.jar:2.3.10.Final]
	at io.undertow.servlet.core.ServletRequestContextThreadSetupAction$1.call(ServletRequestContextThreadSetupAction.java:48) ~[undertow-servlet-2.3.10.Final.jar:2.3.10.Final]
	at io.undertow.servlet.core.ContextClassLoaderSetupAction$1.call(ContextClassLoaderSetupAction.java:43) ~[undertow-servlet-2.3.10.Final.jar:2.3.10.Final]
	at io.undertow.servlet.handlers.ServletInitialHandler.dispatchRequest(ServletInitialHandler.java:256) ~[undertow-servlet-2.3.10.Final.jar:2.3.10.Final]
	at io.undertow.servlet.handlers.ServletInitialHandler$1.handleRequest(ServletInitialHandler.java:101) ~[undertow-servlet-2.3.10.Final.jar:2.3.10.Final]
	at io.undertow.server.Connectors.executeRootHandler(Connectors.java:393) ~[undertow-core-2.3.10.Final.jar:2.3.10.Final]
	at io.undertow.server.HttpServerExchange$1.run(HttpServerExchange.java:859) ~[undertow-core-2.3.10.Final.jar:2.3.10.Final]
	at org.jboss.threads.ContextHandler$1.runWith(ContextHandler.java:18) ~[jboss-threads-3.5.0.Final.jar:3.5.0.Final]
	at org.jboss.threads.EnhancedQueueExecutor$Task.run(EnhancedQueueExecutor.java:2513) ~[jboss-threads-3.5.0.Final.jar:3.5.0.Final]
	at org.jboss.threads.EnhancedQueueExecutor$ThreadBody.run(EnhancedQueueExecutor.java:1538) ~[jboss-threads-3.5.0.Final.jar:3.5.0.Final]
	at org.xnio.XnioWorker$WorkerThreadFactory$1$1.run(XnioWorker.java:1282) ~[xnio-api-3.8.8.Final.jar:3.8.8.Final]
	at java.base/java.lang.Thread.run(Thread.java:833) ~[na:na]
Caused by: org.springframework.http.converter.HttpMessageConversionException: Type definition error: [simple type, class org.hibernate.proxy.pojo.bytebuddy.ByteBuddyInterceptor]
	at org.springframework.http.converter.json.AbstractJackson2HttpMessageConverter.writeInternal(AbstractJackson2HttpMessageConverter.java:489) ~[spring-web-6.0.14.jar:6.0.14]
	at org.springframework.http.converter.AbstractGenericHttpMessageConverter.write(AbstractGenericHttpMessageConverter.java:103) ~[spring-web-6.0.14.jar:6.0.14]
	at org.springframework.web.servlet.mvc.method.annotation.AbstractMessageConverterMethodProcessor.writeWithMessageConverters(AbstractMessageConverterMethodProcessor.java:297) ~[spring-webmvc-6.0.14.jar:6.0.14]
	at org.springframework.web.servlet.mvc.method.annotation.RequestResponseBodyMethodProcessor.handleReturnValue(RequestResponseBodyMethodProcessor.java:194) ~[spring-webmvc-6.0.14.jar:6.0.14]
	at org.springframework.web.method.support.HandlerMethodReturnValueHandlerComposite.handleReturnValue(HandlerMethodReturnValueHandlerComposite.java:78) ~[spring-web-6.0.14.jar:6.0.14]
	at org.springframework.web.servlet.mvc.method.annotation.ServletInvocableHandlerMethod.invokeAndHandle(ServletInvocableHandlerMethod.java:136) ~[spring-webmvc-6.0.14.jar:6.0.14]
	at org.springframework.web.servlet.mvc.method.annotation.RequestMappingHandlerAdapter.invokeHandlerMethod(RequestMappingHandlerAdapter.java:884) ~[spring-webmvc-6.0.14.jar:6.0.14]
	at org.springframework.web.servlet.mvc.method.annotation.RequestMappingHandlerAdapter.handleInternal(RequestMappingHandlerAdapter.java:797) ~[spring-webmvc-6.0.14.jar:6.0.14]
	at org.springframework.web.servlet.mvc.method.AbstractHandlerMethodAdapter.handle(AbstractHandlerMethodAdapter.java:87) ~[spring-webmvc-6.0.14.jar:6.0.14]
	at org.springframework.web.servlet.DispatcherServlet.doDispatch(DispatcherServlet.java:1081) ~[spring-webmvc-6.0.14.jar:6.0.14]
	at org.springframework.web.servlet.DispatcherServlet.doService(DispatcherServlet.java:974) ~[spring-webmvc-6.0.14.jar:6.0.14]
	at org.springframework.web.servlet.FrameworkServlet.processRequest(FrameworkServlet.java:1014) ~[spring-webmvc-6.0.14.jar:6.0.14]
	... 91 common frames omitted
Caused by: com.fasterxml.jackson.databind.exc.InvalidDefinitionException: No serializer found for class org.hibernate.proxy.pojo.bytebuddy.ByteBuddyInterceptor and no properties discovered to create BeanSerializer (to avoid exception, disable SerializationFeature.FAIL_ON_EMPTY_BEANS) (through reference chain: de.telran.model.Order["user"]->de.telran.model.User$HibernateProxy$QGH9nZZ2["hibernateLazyInitializer"])
	at com.fasterxml.jackson.databind.exc.InvalidDefinitionException.from(InvalidDefinitionException.java:77) ~[jackson-databind-2.15.3.jar:2.15.3]
	at com.fasterxml.jackson.databind.SerializerProvider.reportBadDefinition(SerializerProvider.java:1308) ~[jackson-databind-2.15.3.jar:2.15.3]
	at com.fasterxml.jackson.databind.DatabindContext.reportBadDefinition(DatabindContext.java:414) ~[jackson-databind-2.15.3.jar:2.15.3]
	at com.fasterxml.jackson.databind.ser.impl.UnknownSerializer.failForEmpty(UnknownSerializer.java:53) ~[jackson-databind-2.15.3.jar:2.15.3]
	at com.fasterxml.jackson.databind.ser.impl.UnknownSerializer.serialize(UnknownSerializer.java:30) ~[jackson-databind-2.15.3.jar:2.15.3]
	at com.fasterxml.jackson.databind.ser.BeanPropertyWriter.serializeAsField(BeanPropertyWriter.java:732) ~[jackson-databind-2.15.3.jar:2.15.3]
	at com.fasterxml.jackson.databind.ser.std.BeanSerializerBase.serializeFields(BeanSerializerBase.java:772) ~[jackson-databind-2.15.3.jar:2.15.3]
	at com.fasterxml.jackson.databind.ser.BeanSerializer.serialize(BeanSerializer.java:178) ~[jackson-databind-2.15.3.jar:2.15.3]
	at com.fasterxml.jackson.databind.ser.BeanPropertyWriter.serializeAsField(BeanPropertyWriter.java:732) ~[jackson-databind-2.15.3.jar:2.15.3]
	at com.fasterxml.jackson.databind.ser.std.BeanSerializerBase.serializeFields(BeanSerializerBase.java:772) ~[jackson-databind-2.15.3.jar:2.15.3]
	at com.fasterxml.jackson.databind.ser.BeanSerializer.serialize(BeanSerializer.java:178) ~[jackson-databind-2.15.3.jar:2.15.3]
	at com.fasterxml.jackson.databind.ser.DefaultSerializerProvider._serialize(DefaultSerializerProvider.java:479) ~[jackson-databind-2.15.3.jar:2.15.3]
	at com.fasterxml.jackson.databind.ser.DefaultSerializerProvider.serializeValue(DefaultSerializerProvider.java:318) ~[jackson-databind-2.15.3.jar:2.15.3]
	at com.fasterxml.jackson.databind.ObjectWriter$Prefetch.serialize(ObjectWriter.java:1572) ~[jackson-databind-2.15.3.jar:2.15.3]
	at com.fasterxml.jackson.databind.ObjectWriter.writeValue(ObjectWriter.java:1061) ~[jackson-databind-2.15.3.jar:2.15.3]
	at org.springframework.http.converter.json.AbstractJackson2HttpMessageConverter.writeInternal(AbstractJackson2HttpMessageConverter.java:483) ~[spring-web-6.0.14.jar:6.0.14]
	... 102 common frames omitted

2023-12-19T22:59:56.410+03:00  INFO 9876 --- [SpringApplicationShutdownHook] io.undertow                              : stopping server: Undertow - 2.3.10.Final
2023-12-19T22:59:56.417+03:00  INFO 9876 --- [SpringApplicationShutdownHook] io.undertow.servlet                      : Destroying Spring FrameworkServlet 'dispatcherServlet'
2023-12-19T22:59:56.424+03:00  INFO 9876 --- [SpringApplicationShutdownHook] j.LocalContainerEntityManagerFactoryBean : Closing JPA EntityManagerFactory for persistence unit 'default'
2023-12-19T22:59:56.428+03:00  INFO 9876 --- [SpringApplicationShutdownHook] com.zaxxer.hikari.HikariDataSource       : HikariPool-1 - Shutdown initiated...
2023-12-19T22:59:56.455+03:00  INFO 9876 --- [SpringApplicationShutdownHook] com.zaxxer.hikari.HikariDataSource       : HikariPool-1 - Shutdown completed.
2023-12-19T23:00:02.857+03:00  INFO 860 --- [main] de.telran.SpringJpaApplication           : Starting SpringJpaApplication using Java 17.0.2 with PID 860 (C:\Users\akhmetzianovaki\IdeaProjects\21-040423-e-be\cw-39\target\classes started by KhakovaKI in C:\Users\akhmetzianovaki\IdeaProjects\21-040423-e-be\cw-39)
2023-12-19T23:00:02.861+03:00 DEBUG 860 --- [main] de.telran.SpringJpaApplication           : Running with Spring Boot v3.1.6, Spring v6.0.14
2023-12-19T23:00:02.862+03:00  INFO 860 --- [main] de.telran.SpringJpaApplication           : No active profile set, falling back to 1 default profile: "default"
2023-12-19T23:00:05.138+03:00  INFO 860 --- [main] .s.d.r.c.RepositoryConfigurationDelegate : Bootstrapping Spring Data JPA repositories in DEFAULT mode.
2023-12-19T23:00:05.329+03:00  INFO 860 --- [main] .s.d.r.c.RepositoryConfigurationDelegate : Finished Spring Data repository scanning in 162 ms. Found 3 JPA repository interfaces.
2023-12-19T23:00:07.373+03:00  WARN 860 --- [main] io.undertow.websockets.jsr               : UT026010: Buffer pool was not set on WebSocketDeploymentInfo, the default pool will be used
2023-12-19T23:00:07.417+03:00  INFO 860 --- [main] io.undertow.servlet                      : Initializing Spring embedded WebApplicationContext
2023-12-19T23:00:07.418+03:00  INFO 860 --- [main] w.s.c.ServletWebServerApplicationContext : Root WebApplicationContext: initialization completed in 4418 ms
2023-12-19T23:00:07.934+03:00  INFO 860 --- [main] o.hibernate.jpa.internal.util.LogHelper  : HHH000204: Processing PersistenceUnitInfo [name: default]
2023-12-19T23:00:08.081+03:00  INFO 860 --- [main] org.hibernate.Version                    : HHH000412: Hibernate ORM core version 6.2.13.Final
2023-12-19T23:00:08.087+03:00  INFO 860 --- [main] org.hibernate.cfg.Environment            : HHH000406: Using bytecode reflection optimizer
2023-12-19T23:00:08.882+03:00  INFO 860 --- [main] o.s.o.j.p.SpringPersistenceUnitInfo      : No LoadTimeWeaver setup: ignoring JPA class transformer
2023-12-19T23:00:08.953+03:00  INFO 860 --- [main] com.zaxxer.hikari.HikariDataSource       : HikariPool-1 - Starting...
2023-12-19T23:00:08.967+03:00  WARN 860 --- [main] c.zaxxer.hikari.util.DriverDataSource    : Registered driver with driverClassName=com.mysql.jdbc.Driver was not found, trying direct instantiation.
2023-12-19T23:00:09.856+03:00  INFO 860 --- [main] com.zaxxer.hikari.pool.HikariPool        : HikariPool-1 - Added connection com.mysql.cj.jdbc.ConnectionImpl@67ceeffd
2023-12-19T23:00:09.862+03:00  INFO 860 --- [main] com.zaxxer.hikari.HikariDataSource       : HikariPool-1 - Start completed.
2023-12-19T23:00:09.977+03:00  WARN 860 --- [main] org.hibernate.orm.deprecation            : HHH90000025: MySQL8Dialect does not need to be specified explicitly using 'hibernate.dialect' (remove the property setting and it will be selected by default)
2023-12-19T23:00:09.980+03:00  WARN 860 --- [main] org.hibernate.orm.deprecation            : HHH90000026: MySQL8Dialect has been deprecated; use org.hibernate.dialect.MySQLDialect instead
2023-12-19T23:00:12.245+03:00  INFO 860 --- [main] o.h.e.t.j.p.i.JtaPlatformInitiator       : HHH000489: No JTA platform available (set 'hibernate.transaction.jta.platform' to enable JTA platform integration)
2023-12-19T23:00:12.367+03:00  INFO 860 --- [main] j.LocalContainerEntityManagerFactoryBean : Initialized JPA EntityManagerFactory for persistence unit 'default'
2023-12-19T23:00:13.815+03:00  WARN 860 --- [main] JpaBaseConfiguration$JpaWebConfiguration : spring.jpa.open-in-view is enabled by default. Therefore, database queries may be performed during view rendering. Explicitly configure spring.jpa.open-in-view to disable this warning
2023-12-19T23:00:14.650+03:00  INFO 860 --- [main] o.s.s.web.DefaultSecurityFilterChain     : Will secure any request with [org.springframework.security.web.session.DisableEncodeUrlFilter@1ab780fd, org.springframework.security.web.context.request.async.WebAsyncManagerIntegrationFilter@6b8683b8, org.springframework.security.web.context.SecurityContextHolderFilter@3aae9e8f, org.springframework.security.web.header.HeaderWriterFilter@b1e63b5, org.springframework.security.web.authentication.logout.LogoutFilter@25639668, de.telran.security.JwtFilter@53f0d09c, org.springframework.security.web.savedrequest.RequestCacheAwareFilter@19a799cb, org.springframework.security.web.servletapi.SecurityContextHolderAwareRequestFilter@3100b5cf, org.springframework.security.web.authentication.AnonymousAuthenticationFilter@495598c5, org.springframework.security.web.session.SessionManagementFilter@1737834, org.springframework.security.web.access.ExceptionTranslationFilter@3420547, org.springframework.security.web.access.intercept.AuthorizationFilter@53ce27fa]
2023-12-19T23:00:15.353+03:00 DEBUG 860 --- [main] de.telran.security.JwtFilter             : Filter 'jwtFilter' configured for use
2023-12-19T23:00:15.359+03:00  INFO 860 --- [main] io.undertow                              : starting server: Undertow - 2.3.10.Final
2023-12-19T23:00:15.379+03:00  INFO 860 --- [main] org.xnio                                 : XNIO version 3.8.8.Final
2023-12-19T23:00:15.400+03:00  INFO 860 --- [main] org.xnio.nio                             : XNIO NIO Implementation Version 3.8.8.Final
2023-12-19T23:00:15.616+03:00  INFO 860 --- [main] org.jboss.threads                        : JBoss Threads version 3.5.0.Final
2023-12-19T23:00:15.747+03:00  INFO 860 --- [main] o.s.b.w.e.undertow.UndertowWebServer     : Undertow started on port(s) 8080 (http)
2023-12-19T23:00:15.771+03:00  INFO 860 --- [main] de.telran.SpringJpaApplication           : Started SpringJpaApplication in 14.104 seconds (process running for 15.863)
2023-12-19T23:01:48.547+03:00  INFO 860 --- [XNIO-1 task-2] io.undertow.servlet                      : Initializing Spring DispatcherServlet 'dispatcherServlet'
2023-12-19T23:01:48.548+03:00  INFO 860 --- [XNIO-1 task-2] o.s.web.servlet.DispatcherServlet        : Initializing Servlet 'dispatcherServlet'
2023-12-19T23:01:48.551+03:00  INFO 860 --- [XNIO-1 task-2] o.s.web.servlet.DispatcherServlet        : Completed initialization in 2 ms
2023-12-19T23:01:48.802+03:00  WARN 860 --- [XNIO-1 task-2] o.s.w.s.h.HandlerMappingIntrospector     : Cache miss for REQUEST dispatch to '/orders/1' (previous null). Performing MatchableHandlerMapping lookup. This is logged once only at WARN level, and every time at TRACE.
2023-12-19T23:01:48.880+03:00 DEBUG 860 --- [XNIO-1 task-2] de.telran.controller.OrderController     : request to get user id: 1
2023-12-19T23:01:48.896+03:00 DEBUG 860 --- [XNIO-1 task-2] de.telran.service.OrderService           : request to get user id: 1
2023-12-19T23:01:48.896+03:00  INFO 860 --- [XNIO-1 task-2] de.telran.service.OrderService           : request to get user id: 1
2023-12-19T23:01:48.896+03:00  WARN 860 --- [XNIO-1 task-2] de.telran.service.OrderService           : request to get user id: 1
2023-12-19T23:01:48.897+03:00 ERROR 860 --- [XNIO-1 task-2] de.telran.service.OrderService           : request to get user id: 1
2023-12-19T23:02:36.544+03:00  INFO 860 --- [SpringApplicationShutdownHook] io.undertow                              : stopping server: Undertow - 2.3.10.Final
2023-12-19T23:02:36.548+03:00  INFO 860 --- [SpringApplicationShutdownHook] io.undertow.servlet                      : Destroying Spring FrameworkServlet 'dispatcherServlet'
2023-12-19T23:02:36.553+03:00  INFO 860 --- [SpringApplicationShutdownHook] j.LocalContainerEntityManagerFactoryBean : Closing JPA EntityManagerFactory for persistence unit 'default'
2023-12-19T23:02:36.563+03:00  INFO 860 --- [SpringApplicationShutdownHook] com.zaxxer.hikari.HikariDataSource       : HikariPool-1 - Shutdown initiated...
2023-12-19T23:02:36.602+03:00  INFO 860 --- [SpringApplicationShutdownHook] com.zaxxer.hikari.HikariDataSource       : HikariPool-1 - Shutdown completed.
2023-12-19T23:02:42.143+03:00  INFO 18844 --- [main] de.telran.SpringJpaApplication           : Starting SpringJpaApplication using Java 17.0.2 with PID 18844 (C:\Users\akhmetzianovaki\IdeaProjects\21-040423-e-be\cw-39\target\classes started by KhakovaKI in C:\Users\akhmetzianovaki\IdeaProjects\21-040423-e-be\cw-39)
2023-12-19T23:02:42.147+03:00 DEBUG 18844 --- [main] de.telran.SpringJpaApplication           : Running with Spring Boot v3.1.6, Spring v6.0.14
2023-12-19T23:02:42.149+03:00  INFO 18844 --- [main] de.telran.SpringJpaApplication           : No active profile set, falling back to 1 default profile: "default"
2023-12-19T23:02:44.039+03:00  INFO 18844 --- [main] .s.d.r.c.RepositoryConfigurationDelegate : Bootstrapping Spring Data JPA repositories in DEFAULT mode.
2023-12-19T23:02:44.194+03:00  INFO 18844 --- [main] .s.d.r.c.RepositoryConfigurationDelegate : Finished Spring Data repository scanning in 133 ms. Found 3 JPA repository interfaces.
2023-12-19T23:02:45.577+03:00  WARN 18844 --- [main] io.undertow.websockets.jsr               : UT026010: Buffer pool was not set on WebSocketDeploymentInfo, the default pool will be used
2023-12-19T23:02:45.636+03:00  INFO 18844 --- [main] io.undertow.servlet                      : Initializing Spring embedded WebApplicationContext
2023-12-19T23:02:45.640+03:00  INFO 18844 --- [main] w.s.c.ServletWebServerApplicationContext : Root WebApplicationContext: initialization completed in 3352 ms
2023-12-19T23:02:46.232+03:00  INFO 18844 --- [main] o.hibernate.jpa.internal.util.LogHelper  : HHH000204: Processing PersistenceUnitInfo [name: default]
2023-12-19T23:02:46.401+03:00  INFO 18844 --- [main] org.hibernate.Version                    : HHH000412: Hibernate ORM core version 6.2.13.Final
2023-12-19T23:02:46.409+03:00  INFO 18844 --- [main] org.hibernate.cfg.Environment            : HHH000406: Using bytecode reflection optimizer
2023-12-19T23:02:47.292+03:00  INFO 18844 --- [main] o.s.o.j.p.SpringPersistenceUnitInfo      : No LoadTimeWeaver setup: ignoring JPA class transformer
2023-12-19T23:02:47.375+03:00  INFO 18844 --- [main] com.zaxxer.hikari.HikariDataSource       : HikariPool-1 - Starting...
2023-12-19T23:02:47.388+03:00  WARN 18844 --- [main] c.zaxxer.hikari.util.DriverDataSource    : Registered driver with driverClassName=com.mysql.jdbc.Driver was not found, trying direct instantiation.
2023-12-19T23:02:48.401+03:00  INFO 18844 --- [main] com.zaxxer.hikari.pool.HikariPool        : HikariPool-1 - Added connection com.mysql.cj.jdbc.ConnectionImpl@6b2e9db2
2023-12-19T23:02:48.410+03:00  INFO 18844 --- [main] com.zaxxer.hikari.HikariDataSource       : HikariPool-1 - Start completed.
2023-12-19T23:02:48.540+03:00  WARN 18844 --- [main] org.hibernate.orm.deprecation            : HHH90000025: MySQL8Dialect does not need to be specified explicitly using 'hibernate.dialect' (remove the property setting and it will be selected by default)
2023-12-19T23:02:48.543+03:00  WARN 18844 --- [main] org.hibernate.orm.deprecation            : HHH90000026: MySQL8Dialect has been deprecated; use org.hibernate.dialect.MySQLDialect instead
2023-12-19T23:02:50.803+03:00  INFO 18844 --- [main] o.h.e.t.j.p.i.JtaPlatformInitiator       : HHH000489: No JTA platform available (set 'hibernate.transaction.jta.platform' to enable JTA platform integration)
2023-12-19T23:02:50.937+03:00  INFO 18844 --- [main] j.LocalContainerEntityManagerFactoryBean : Initialized JPA EntityManagerFactory for persistence unit 'default'
2023-12-19T23:02:52.574+03:00  WARN 18844 --- [main] JpaBaseConfiguration$JpaWebConfiguration : spring.jpa.open-in-view is enabled by default. Therefore, database queries may be performed during view rendering. Explicitly configure spring.jpa.open-in-view to disable this warning
2023-12-19T23:02:53.482+03:00  INFO 18844 --- [main] o.s.s.web.DefaultSecurityFilterChain     : Will secure any request with [org.springframework.security.web.session.DisableEncodeUrlFilter@726ee6cf, org.springframework.security.web.context.request.async.WebAsyncManagerIntegrationFilter@4a83d61c, org.springframework.security.web.context.SecurityContextHolderFilter@3100b5cf, org.springframework.security.web.header.HeaderWriterFilter@301c622d, org.springframework.security.web.authentication.logout.LogoutFilter@1267adbe, de.telran.security.JwtFilter@32f1fafe, org.springframework.security.web.savedrequest.RequestCacheAwareFilter@5ad13be4, org.springframework.security.web.servletapi.SecurityContextHolderAwareRequestFilter@4778c085, org.springframework.security.web.authentication.AnonymousAuthenticationFilter@624268ab, org.springframework.security.web.session.SessionManagementFilter@4d50f682, org.springframework.security.web.access.ExceptionTranslationFilter@25502b1c, org.springframework.security.web.access.intercept.AuthorizationFilter@48dc06a9]
2023-12-19T23:02:54.214+03:00 DEBUG 18844 --- [main] de.telran.security.JwtFilter             : Filter 'jwtFilter' configured for use
2023-12-19T23:02:54.222+03:00  INFO 18844 --- [main] io.undertow                              : starting server: Undertow - 2.3.10.Final
2023-12-19T23:02:54.236+03:00  INFO 18844 --- [main] org.xnio                                 : XNIO version 3.8.8.Final
2023-12-19T23:02:54.263+03:00  INFO 18844 --- [main] org.xnio.nio                             : XNIO NIO Implementation Version 3.8.8.Final
2023-12-19T23:02:54.516+03:00  INFO 18844 --- [main] org.jboss.threads                        : JBoss Threads version 3.5.0.Final
2023-12-19T23:02:54.658+03:00  INFO 18844 --- [main] o.s.b.w.e.undertow.UndertowWebServer     : Undertow started on port(s) 8080 (http)
2023-12-19T23:02:54.678+03:00  INFO 18844 --- [main] de.telran.SpringJpaApplication           : Started SpringJpaApplication in 13.428 seconds (process running for 15.068)
2023-12-19T23:03:18.533+03:00  INFO 18844 --- [XNIO-1 task-2] io.undertow.servlet                      : Initializing Spring DispatcherServlet 'dispatcherServlet'
2023-12-19T23:03:18.534+03:00  INFO 18844 --- [XNIO-1 task-2] o.s.web.servlet.DispatcherServlet        : Initializing Servlet 'dispatcherServlet'
2023-12-19T23:03:18.537+03:00  INFO 18844 --- [XNIO-1 task-2] o.s.web.servlet.DispatcherServlet        : Completed initialization in 2 ms
2023-12-19T23:03:18.790+03:00  WARN 18844 --- [XNIO-1 task-2] o.s.w.s.h.HandlerMappingIntrospector     : Cache miss for REQUEST dispatch to '/orders/1' (previous null). Performing MatchableHandlerMapping lookup. This is logged once only at WARN level, and every time at TRACE.
2023-12-19T23:03:18.871+03:00 DEBUG 18844 --- [XNIO-1 task-2] de.telran.controller.OrderController     : request to get user id: 1
2023-12-19T23:03:18.882+03:00 DEBUG 18844 --- [XNIO-1 task-2] de.telran.service.OrderService           : request to get user id: 1
2023-12-19T23:03:18.883+03:00  INFO 18844 --- [XNIO-1 task-2] de.telran.service.OrderService           : request to get user id: 1
2023-12-19T23:03:18.883+03:00  WARN 18844 --- [XNIO-1 task-2] de.telran.service.OrderService           : request to get user id: 1
2023-12-19T23:03:18.884+03:00 ERROR 18844 --- [XNIO-1 task-2] de.telran.service.OrderService           : request to get user id: 1
2023-12-19T23:04:47.357+03:00 DEBUG 18844 --- [XNIO-1 task-2] de.telran.controller.OrderController     : request to get user id: 1
2023-12-19T23:04:47.361+03:00 DEBUG 18844 --- [XNIO-1 task-2] de.telran.service.OrderService           : request to get user id: 1
2023-12-19T23:04:47.361+03:00  INFO 18844 --- [XNIO-1 task-2] de.telran.service.OrderService           : request to get user id: 1
2023-12-19T23:04:47.362+03:00  WARN 18844 --- [XNIO-1 task-2] de.telran.service.OrderService           : request to get user id: 1
2023-12-19T23:04:47.362+03:00 ERROR 18844 --- [XNIO-1 task-2] de.telran.service.OrderService           : request to get user id: 1
2023-12-19T23:06:40.325+03:00  INFO 18844 --- [SpringApplicationShutdownHook] io.undertow                              : stopping server: Undertow - 2.3.10.Final
2023-12-19T23:06:40.328+03:00  INFO 18844 --- [SpringApplicationShutdownHook] io.undertow.servlet                      : Destroying Spring FrameworkServlet 'dispatcherServlet'
2023-12-19T23:06:40.331+03:00  INFO 18844 --- [SpringApplicationShutdownHook] j.LocalContainerEntityManagerFactoryBean : Closing JPA EntityManagerFactory for persistence unit 'default'
2023-12-19T23:06:40.335+03:00  INFO 18844 --- [SpringApplicationShutdownHook] com.zaxxer.hikari.HikariDataSource       : HikariPool-1 - Shutdown initiated...
2023-12-19T23:06:40.352+03:00  INFO 18844 --- [SpringApplicationShutdownHook] com.zaxxer.hikari.HikariDataSource       : HikariPool-1 - Shutdown completed.
